/Users/admin/IdeaProjects/test-secure-backend
[INFO] Scanning for projects...
[INFO] 
[INFO] ----------------------< murraco:jwt-auth-service >----------------------
[INFO] Building spring-boot-jwt 1.0.0
[INFO] --------------------------------[ jar ]---------------------------------
[INFO] 
[INFO] --- jacoco-maven-plugin:0.8.14:prepare-agent (prepare-agent) @ jwt-auth-service ---
[INFO] argLine set to -javaagent:/Users/admin/.m2/repository/org/jacoco/org.jacoco.agent/0.8.14/org.jacoco.agent-0.8.14-runtime.jar=destfile=/Users/admin/IdeaProjects/test-secure-backend/target/jacoco.exec,excludes=com/awesome/testing/fakedata/**
[INFO] 
[INFO] --- maven-resources-plugin:3.3.1:resources (default-resources) @ jwt-auth-service ---
[INFO] Copying 3 resources from src/main/resources to target/classes
[INFO] Copying 0 resource from src/main/resources to target/classes
[INFO] 
[INFO] --- maven-compiler-plugin:3.13.0:compile (default-compile) @ jwt-auth-service ---
[INFO] Nothing to compile - all classes are up to date.
[INFO] 
[INFO] --- maven-resources-plugin:3.3.1:testResources (default-testResources) @ jwt-auth-service ---
[INFO] Copying 2 resources from src/test/resources to target/test-classes
[INFO] 
[INFO] --- maven-compiler-plugin:3.13.0:testCompile (default-testCompile) @ jwt-auth-service ---
[INFO] Nothing to compile - all classes are up to date.
[INFO] 
[INFO] --- maven-surefire-plugin:3.5.4:test (default-test) @ jwt-auth-service ---
[INFO] Using auto detected provider org.apache.maven.surefire.junitplatform.JUnitPlatformProvider
[INFO] 
[INFO] -------------------------------------------------------
[INFO]  T E S T S
[INFO] -------------------------------------------------------
[INFO] Running com.awesome.testing.dto.ChatMessageDtoTest
[INFO] Tests run: 11, Failures: 0, Errors: 0, Skipped: 0, Time elapsed: 1.174 s -- in com.awesome.testing.dto.ChatMessageDtoTest
[INFO] Running com.awesome.testing.traffic.TrafficLoggingFilterTest
[INFO] Tests run: 2, Failures: 0, Errors: 0, Skipped: 0, Time elapsed: 1.811 s -- in com.awesome.testing.traffic.TrafficLoggingFilterTest
[INFO] Running com.awesome.testing.traffic.WebSocketIntegrationTest
Standard Commons Logging discovery in action with spring-jcl: please remove commons-logging.jar from classpath in order to avoid potential conflicts
Standard Commons Logging discovery in action with spring-jcl: please remove commons-logging.jar from classpath in order to avoid potential conflicts
HHH90000025: H2Dialect does not need to be specified explicitly using 'hibernate.dialect' (remove the property setting and it will be selected by default)
Global AuthenticationManager configured with UserDetailsService bean with name myUserDetails
spring.jpa.open-in-view is enabled by default. Therefore, database queries may be performed during view rendering. Explicitly configure spring.jpa.open-in-view to disable this warning
Starting...
BrokerAvailabilityEvent[available=true, SimpleBrokerMessageHandler [org.springframework.messaging.simp.broker.DefaultSubscriptionRegistry@5c7d7926]]
Started.
Initializing Servlet 'dispatcherServlet'
Completed initialization in 1 ms
[INFO] Tests run: 1, Failures: 0, Errors: 0, Skipped: 0, Time elapsed: 16.57 s -- in com.awesome.testing.traffic.WebSocketIntegrationTest
[INFO] Running com.awesome.testing.traffic.TrafficConfigTest
HHH90000025: H2Dialect does not need to be specified explicitly using 'hibernate.dialect' (remove the property setting and it will be selected by default)
Global AuthenticationManager configured with UserDetailsService bean with name myUserDetails
AMQ224104: Error starting the Acceptor invm {serverId=0}
AMQ224000: Failure in initialisation
java.lang.IllegalArgumentException: AMQ229062: Acceptor with id 0 already registered
	at org.apache.activemq.artemis.core.remoting.impl.invm.InVMRegistry.registerAcceptor(InVMRegistry.java:32)
	at org.apache.activemq.artemis.core.remoting.impl.invm.InVMAcceptor.start(InVMAcceptor.java:137)
	at org.apache.activemq.artemis.core.remoting.server.impl.RemotingServiceImpl.startAcceptors(RemotingServiceImpl.java:309)
	at org.apache.activemq.artemis.core.server.impl.ActiveMQServerImpl.completeActivation(ActiveMQServerImpl.java:3654)
	at org.apache.activemq.artemis.core.server.impl.PrimaryOnlyActivation.run(PrimaryOnlyActivation.java:80)
	at org.apache.activemq.artemis.core.server.impl.ActiveMQServerImpl.internalStart(ActiveMQServerImpl.java:743)
	at org.apache.activemq.artemis.core.server.impl.ActiveMQServerImpl.start(ActiveMQServerImpl.java:633)
	at org.apache.activemq.artemis.core.server.embedded.EmbeddedActiveMQ.start(EmbeddedActiveMQ.java:124)
	at java.base/jdk.internal.reflect.DirectMethodHandleAccessor.invoke(DirectMethodHandleAccessor.java:104)
	at java.base/java.lang.reflect.Method.invoke(Method.java:565)
	at org.springframework.beans.factory.support.AbstractAutowireCapableBeanFactory.invokeCustomInitMethod(AbstractAutowireCapableBeanFactory.java:1930)
	at org.springframework.beans.factory.support.AbstractAutowireCapableBeanFactory.invokeInitMethods(AbstractAutowireCapableBeanFactory.java:1883)
	at org.springframework.beans.factory.support.AbstractAutowireCapableBeanFactory.initializeBean(AbstractAutowireCapableBeanFactory.java:1822)
	at org.springframework.beans.factory.support.AbstractAutowireCapableBeanFactory.doCreateBean(AbstractAutowireCapableBeanFactory.java:607)
	at org.springframework.beans.factory.support.AbstractAutowireCapableBeanFactory.createBean(AbstractAutowireCapableBeanFactory.java:529)
	at org.springframework.beans.factory.support.AbstractBeanFactory.lambda$doGetBean$0(AbstractBeanFactory.java:339)
	at org.springframework.beans.factory.support.DefaultSingletonBeanRegistry.getSingleton(DefaultSingletonBeanRegistry.java:373)
	at org.springframework.beans.factory.support.AbstractBeanFactory.doGetBean(AbstractBeanFactory.java:337)
	at org.springframework.beans.factory.support.AbstractBeanFactory.getBean(AbstractBeanFactory.java:202)
	at org.springframework.beans.factory.support.DefaultListableBeanFactory.instantiateSingleton(DefaultListableBeanFactory.java:1228)
	at org.springframework.beans.factory.support.DefaultListableBeanFactory.preInstantiateSingleton(DefaultListableBeanFactory.java:1194)
	at org.springframework.beans.factory.support.DefaultListableBeanFactory.preInstantiateSingletons(DefaultListableBeanFactory.java:1130)
	at org.springframework.context.support.AbstractApplicationContext.finishBeanFactoryInitialization(AbstractApplicationContext.java:990)
	at org.springframework.context.support.AbstractApplicationContext.refresh(AbstractApplicationContext.java:627)
	at org.springframework.boot.SpringApplication.refresh(SpringApplication.java:752)
	at org.springframework.boot.SpringApplication.refreshContext(SpringApplication.java:439)
	at org.springframework.boot.SpringApplication.run(SpringApplication.java:318)
	at org.springframework.boot.test.context.SpringBootContextLoader.lambda$loadContext$3(SpringBootContextLoader.java:144)
	at org.springframework.util.function.ThrowingSupplier.get(ThrowingSupplier.java:58)
	at org.springframework.util.function.ThrowingSupplier.get(ThrowingSupplier.java:46)
	at org.springframework.boot.SpringApplication.withHook(SpringApplication.java:1461)
	at org.springframework.boot.test.context.SpringBootContextLoader$ContextLoaderHook.run(SpringBootContextLoader.java:563)
	at org.springframework.boot.test.context.SpringBootContextLoader.loadContext(SpringBootContextLoader.java:144)
	at org.springframework.boot.test.context.SpringBootContextLoader.loadContext(SpringBootContextLoader.java:110)
	at org.springframework.test.context.cache.DefaultCacheAwareContextLoaderDelegate.loadContextInternal(DefaultCacheAwareContextLoaderDelegate.java:225)
	at org.springframework.test.context.cache.DefaultCacheAwareContextLoaderDelegate.loadContext(DefaultCacheAwareContextLoaderDelegate.java:152)
	at org.springframework.test.context.support.DefaultTestContext.getApplicationContext(DefaultTestContext.java:130)
	at org.springframework.test.context.web.ServletTestExecutionListener.setUpRequestContextIfNecessary(ServletTestExecutionListener.java:200)
	at org.springframework.test.context.web.ServletTestExecutionListener.prepareTestInstance(ServletTestExecutionListener.java:139)
	at org.springframework.test.context.TestContextManager.prepareTestInstance(TestContextManager.java:260)
	at org.springframework.test.context.junit.jupiter.SpringExtension.postProcessTestInstance(SpringExtension.java:159)
	at org.junit.jupiter.engine.descriptor.ClassBasedTestDescriptor.lambda$invokeTestInstancePostProcessors$10(ClassBasedTestDescriptor.java:383)
	at org.junit.jupiter.engine.descriptor.ClassBasedTestDescriptor.executeAndMaskThrowable(ClassBasedTestDescriptor.java:388)
	at org.junit.jupiter.engine.descriptor.ClassBasedTestDescriptor.lambda$invokeTestInstancePostProcessors$11(ClassBasedTestDescriptor.java:382)
	at java.base/java.util.stream.ForEachOps$ForEachOp$OfRef.accept(ForEachOps.java:186)
	at java.base/java.util.stream.ReferencePipeline$3$1.accept(ReferencePipeline.java:214)
	at java.base/java.util.stream.ReferencePipeline$2$1.accept(ReferencePipeline.java:197)
	at java.base/java.util.stream.ReferencePipeline$3$1.accept(ReferencePipeline.java:214)
	at java.base/java.util.ArrayList$ArrayListSpliterator.forEachRemaining(ArrayList.java:1716)
	at java.base/java.util.stream.AbstractPipeline.copyInto(AbstractPipeline.java:570)
	at java.base/java.util.stream.AbstractPipeline.wrapAndCopyInto(AbstractPipeline.java:560)
	at java.base/java.util.stream.ForEachOps$ForEachOp.evaluateSequential(ForEachOps.java:153)
	at java.base/java.util.stream.ForEachOps$ForEachOp$OfRef.evaluateSequential(ForEachOps.java:176)
	at java.base/java.util.stream.AbstractPipeline.evaluate(AbstractPipeline.java:265)
	at java.base/java.util.stream.ReferencePipeline.forEach(ReferencePipeline.java:632)
	at org.junit.jupiter.engine.descriptor.ClassBasedTestDescriptor.invokeTestInstancePostProcessors(ClassBasedTestDescriptor.java:382)
	at org.junit.jupiter.engine.descriptor.ClassBasedTestDescriptor.lambda$instantiateAndPostProcessTestInstance$6(ClassBasedTestDescriptor.java:293)
	at org.junit.platform.engine.support.hierarchical.ThrowableCollector.execute(ThrowableCollector.java:73)
	at org.junit.jupiter.engine.descriptor.ClassBasedTestDescriptor.instantiateAndPostProcessTestInstance(ClassBasedTestDescriptor.java:292)
	at org.junit.jupiter.engine.descriptor.ClassBasedTestDescriptor.lambda$testInstancesProvider$4(ClassBasedTestDescriptor.java:281)
	at java.base/java.util.Optional.orElseGet(Optional.java:364)
	at org.junit.jupiter.engine.descriptor.ClassBasedTestDescriptor.lambda$testInstancesProvider$5(ClassBasedTestDescriptor.java:280)
	at org.junit.jupiter.engine.execution.TestInstancesProvider.getTestInstances(TestInstancesProvider.java:27)
	at org.junit.jupiter.engine.descriptor.TestMethodTestDescriptor.lambda$prepare$0(TestMethodTestDescriptor.java:112)
	at org.junit.platform.engine.support.hierarchical.ThrowableCollector.execute(ThrowableCollector.java:73)
	at org.junit.jupiter.engine.descriptor.TestMethodTestDescriptor.prepare(TestMethodTestDescriptor.java:111)
	at org.junit.jupiter.engine.descriptor.TestMethodTestDescriptor.prepare(TestMethodTestDescriptor.java:69)
	at org.junit.platform.engine.support.hierarchical.NodeTestTask.lambda$prepare$2(NodeTestTask.java:128)
	at org.junit.platform.engine.support.hierarchical.ThrowableCollector.execute(ThrowableCollector.java:73)
	at org.junit.platform.engine.support.hierarchical.NodeTestTask.prepare(NodeTestTask.java:128)
	at org.junit.platform.engine.support.hierarchical.NodeTestTask.execute(NodeTestTask.java:95)
	at java.base/java.util.ArrayList.forEach(ArrayList.java:1604)
	at org.junit.platform.engine.support.hierarchical.SameThreadHierarchicalTestExecutorService.invokeAll(SameThreadHierarchicalTestExecutorService.java:41)
	at org.junit.platform.engine.support.hierarchical.NodeTestTask.lambda$executeRecursively$6(NodeTestTask.java:160)
	at org.junit.platform.engine.support.hierarchical.ThrowableCollector.execute(ThrowableCollector.java:73)
	at org.junit.platform.engine.support.hierarchical.NodeTestTask.lambda$executeRecursively$8(NodeTestTask.java:146)
	at org.junit.platform.engine.support.hierarchical.Node.around(Node.java:137)
	at org.junit.platform.engine.support.hierarchical.NodeTestTask.lambda$executeRecursively$9(NodeTestTask.java:144)
	at org.junit.platform.engine.support.hierarchical.ThrowableCollector.execute(ThrowableCollector.java:73)
	at org.junit.platform.engine.support.hierarchical.NodeTestTask.executeRecursively(NodeTestTask.java:143)
	at org.junit.platform.engine.support.hierarchical.NodeTestTask.execute(NodeTestTask.java:100)
	at java.base/java.util.ArrayList.forEach(ArrayList.java:1604)
	at org.junit.platform.engine.support.hierarchical.SameThreadHierarchicalTestExecutorService.invokeAll(SameThreadHierarchicalTestExecutorService.java:41)
	at org.junit.platform.engine.support.hierarchical.NodeTestTask.lambda$executeRecursively$6(NodeTestTask.java:160)
	at org.junit.platform.engine.support.hierarchical.ThrowableCollector.execute(ThrowableCollector.java:73)
	at org.junit.platform.engine.support.hierarchical.NodeTestTask.lambda$executeRecursively$8(NodeTestTask.java:146)
	at org.junit.platform.engine.support.hierarchical.Node.around(Node.java:137)
	at org.junit.platform.engine.support.hierarchical.NodeTestTask.lambda$executeRecursively$9(NodeTestTask.java:144)
	at org.junit.platform.engine.support.hierarchical.ThrowableCollector.execute(ThrowableCollector.java:73)
	at org.junit.platform.engine.support.hierarchical.NodeTestTask.executeRecursively(NodeTestTask.java:143)
	at org.junit.platform.engine.support.hierarchical.NodeTestTask.execute(NodeTestTask.java:100)
	at org.junit.platform.engine.support.hierarchical.SameThreadHierarchicalTestExecutorService.submit(SameThreadHierarchicalTestExecutorService.java:35)
	at org.junit.platform.engine.support.hierarchical.HierarchicalTestExecutor.execute(HierarchicalTestExecutor.java:57)
	at org.junit.platform.engine.support.hierarchical.HierarchicalTestEngine.execute(HierarchicalTestEngine.java:54)
	at org.junit.platform.launcher.core.EngineExecutionOrchestrator.execute(EngineExecutionOrchestrator.java:201)
	at org.junit.platform.launcher.core.EngineExecutionOrchestrator.execute(EngineExecutionOrchestrator.java:170)
	at org.junit.platform.launcher.core.EngineExecutionOrchestrator.execute(EngineExecutionOrchestrator.java:94)
	at org.junit.platform.launcher.core.EngineExecutionOrchestrator.lambda$execute$0(EngineExecutionOrchestrator.java:59)
	at org.junit.platform.launcher.core.EngineExecutionOrchestrator.withInterceptedStreams(EngineExecutionOrchestrator.java:142)
	at org.junit.platform.launcher.core.EngineExecutionOrchestrator.execute(EngineExecutionOrchestrator.java:58)
	at org.junit.platform.launcher.core.DefaultLauncher.execute(DefaultLauncher.java:103)
	at org.junit.platform.launcher.core.DefaultLauncher.execute(DefaultLauncher.java:85)
	at org.junit.platform.launcher.core.DelegatingLauncher.execute(DelegatingLauncher.java:47)
	at org.junit.platform.launcher.core.InterceptingLauncher.lambda$execute$1(InterceptingLauncher.java:39)
	at org.junit.platform.launcher.core.ClasspathAlignmentCheckingLauncherInterceptor.intercept(ClasspathAlignmentCheckingLauncherInterceptor.java:25)
	at org.junit.platform.launcher.core.InterceptingLauncher.execute(InterceptingLauncher.java:38)
	at org.junit.platform.launcher.core.DelegatingLauncher.execute(DelegatingLauncher.java:47)
	at org.apache.maven.surefire.junitplatform.LauncherAdapter.executeWithoutCancellationToken(LauncherAdapter.java:60)
	at org.apache.maven.surefire.junitplatform.LauncherAdapter.execute(LauncherAdapter.java:52)
	at org.apache.maven.surefire.junitplatform.JUnitPlatformProvider.execute(JUnitPlatformProvider.java:203)
	at org.apache.maven.surefire.junitplatform.JUnitPlatformProvider.invokeAllTests(JUnitPlatformProvider.java:168)
	at org.apache.maven.surefire.junitplatform.JUnitPlatformProvider.invoke(JUnitPlatformProvider.java:136)
	at org.apache.maven.surefire.booter.ForkedBooter.runSuitesInProcess(ForkedBooter.java:385)
	at org.apache.maven.surefire.booter.ForkedBooter.execute(ForkedBooter.java:162)
	at org.apache.maven.surefire.booter.ForkedBooter.run(ForkedBooter.java:507)
	at org.apache.maven.surefire.booter.ForkedBooter.main(ForkedBooter.java:495)
spring.jpa.open-in-view is enabled by default. Therefore, database queries may be performed during view rendering. Explicitly configure spring.jpa.open-in-view to disable this warning
Starting...
BrokerAvailabilityEvent[available=true, SimpleBrokerMessageHandler [org.springframework.messaging.simp.broker.DefaultSubscriptionRegistry@27b3b9a0]]
Started.
[INFO] Tests run: 2, Failures: 0, Errors: 0, Skipped: 0, Time elapsed: 2.214 s -- in com.awesome.testing.traffic.TrafficConfigTest
[INFO] Running com.awesome.testing.traffic.TrafficPublisherTest
[INFO] Tests run: 2, Failures: 0, Errors: 0, Skipped: 0, Time elapsed: 0.039 s -- in com.awesome.testing.traffic.TrafficPublisherTest
[INFO] Running com.awesome.testing.traffic.WebSocketConfigTest
[INFO] Tests run: 3, Failures: 0, Errors: 0, Skipped: 0, Time elapsed: 0.341 s -- in com.awesome.testing.traffic.WebSocketConfigTest
[INFO] Running com.awesome.testing.repository.OrderRepositoryTest

  .   ____          _            __ _ _
 /\\ / ___'_ __ _ _(_)_ __  __ _ \ \ \ \
( ( )\___ | '_ | '_| | '_ \/ _` | \ \ \ \
 \\/  ___)| |_)| | | | | || (_| |  ) ) ) )
  '  |____| .__|_| |_|_| |_\__, | / / / /
 =========|_|==============|___/=/_/_/_/

 :: Spring Boot ::                (v3.5.7)

Starting OrderRepositoryTest using Java 25.0.1 with PID 98281 (started by admin in /Users/admin/IdeaProjects/test-secure-backend)
Running with Spring Boot v3.5.7, Spring v6.2.12
The following 1 profile is active: "docker"
HHH000204: Processing PersistenceUnitInfo [name: default]
HHH000026: Second-level cache disabled
HHH000511: The 2.3.232 version for [org.hibernate.dialect.PostgreSQLDialect] is no longer supported, hence certain features may not work properly. The minimum supported version is 12.0.0. Check the community dialects project for available legacy versions.
HHH90000025: PostgreSQLDialect does not need to be specified explicitly using 'hibernate.dialect' (remove the property setting and it will be selected by default)
HHH10001005: Database info:
	Database JDBC URL [Connecting through datasource 'org.springframework.jdbc.datasource.embedded.EmbeddedDatabaseFactory$EmbeddedDataSourceProxy@730248de']
	Database driver: undefined/unknown
	Database version: 2.3.232
	Autocommit mode: undefined/unknown
	Isolation level: undefined/unknown
	Minimum pool size: undefined/unknown
	Maximum pool size: undefined/unknown
HHH000489: No JTA platform available (set 'hibernate.transaction.jta.platform' to enable JTA platform integration)
Hibernate: 
    create table app_user (
        id integer generated by default as identity,
        chat_system_prompt varchar(5000),
        email varchar(255) not null,
        first_name varchar(255),
        last_name varchar(255),
        password varchar(255),
        tool_system_prompt varchar(5000),
        username varchar(255) not null,
        primary key (id)
    )
Hibernate: 
    create table cart_items (
        id bigint generated by default as identity,
        price numeric(10,2) not null,
        quantity integer not null,
        username varchar(255) not null,
        version bigint,
        product_id bigint not null,
        primary key (id)
    )
Hibernate: 
    create table conversation (
        id uuid not null,
        archived boolean not null,
        created_at timestamp(6) with time zone not null,
        model varchar(255),
        system_prompt varchar(5000),
        temperature float(53),
        think boolean,
        title varchar(255) not null,
        type varchar(16) not null check (type in ('CHAT','TOOL')),
        updated_at timestamp(6) with time zone not null,
        user_id integer not null,
        primary key (id)
    )
Hibernate: 
    create table conversation_message (
        id uuid not null,
        content oid,
        created_at timestamp(6) with time zone not null,
        message_index bigint not null,
        role varchar(32) not null,
        thinking oid,
        tool_calls oid,
        tool_name varchar(255),
        conversation_id uuid not null,
        primary key (id)
    )
GenerationTarget encountered exception accepting command : Error executing DDL "
    create table conversation_message (
        id uuid not null,
        content oid,
        created_at timestamp(6) with time zone not null,
        message_index bigint not null,
        role varchar(32) not null,
        thinking oid,
        tool_calls oid,
        tool_name varchar(255),
        conversation_id uuid not null,
        primary key (id)
    )" via JDBC [Unknown data type: "OID";]
org.hibernate.tool.schema.spi.CommandAcceptanceException: Error executing DDL "
    create table conversation_message (
        id uuid not null,
        content oid,
        created_at timestamp(6) with time zone not null,
        message_index bigint not null,
        role varchar(32) not null,
        thinking oid,
        tool_calls oid,
        tool_name varchar(255),
        conversation_id uuid not null,
        primary key (id)
    )" via JDBC [Unknown data type: "OID";]
	at org.hibernate.tool.schema.internal.exec.GenerationTargetToDatabase.accept(GenerationTargetToDatabase.java:94)
	at org.hibernate.tool.schema.internal.AbstractSchemaMigrator.applySqlString(AbstractSchemaMigrator.java:576)
	at org.hibernate.tool.schema.internal.AbstractSchemaMigrator.applySqlStrings(AbstractSchemaMigrator.java:516)
	at org.hibernate.tool.schema.internal.AbstractSchemaMigrator.createTable(AbstractSchemaMigrator.java:316)
	at org.hibernate.tool.schema.internal.GroupedSchemaMigratorImpl.performTablesMigration(GroupedSchemaMigratorImpl.java:80)
	at org.hibernate.tool.schema.internal.AbstractSchemaMigrator.performMigration(AbstractSchemaMigrator.java:233)
	at org.hibernate.tool.schema.internal.AbstractSchemaMigrator.doMigration(AbstractSchemaMigrator.java:112)
	at org.hibernate.tool.schema.spi.SchemaManagementToolCoordinator.performDatabaseAction(SchemaManagementToolCoordinator.java:280)
	at org.hibernate.tool.schema.spi.SchemaManagementToolCoordinator.lambda$process$5(SchemaManagementToolCoordinator.java:144)
	at java.base/java.util.HashMap.forEach(HashMap.java:1430)
	at org.hibernate.tool.schema.spi.SchemaManagementToolCoordinator.process(SchemaManagementToolCoordinator.java:141)
	at org.hibernate.boot.internal.SessionFactoryObserverForSchemaExport.sessionFactoryCreated(SessionFactoryObserverForSchemaExport.java:37)
	at org.hibernate.internal.SessionFactoryObserverChain.sessionFactoryCreated(SessionFactoryObserverChain.java:35)
	at org.hibernate.internal.SessionFactoryImpl.<init>(SessionFactoryImpl.java:324)
	at org.hibernate.boot.internal.SessionFactoryBuilderImpl.build(SessionFactoryBuilderImpl.java:463)
	at org.hibernate.jpa.boot.internal.EntityManagerFactoryBuilderImpl.build(EntityManagerFactoryBuilderImpl.java:1517)
	at org.springframework.orm.jpa.vendor.SpringHibernateJpaPersistenceProvider.createContainerEntityManagerFactory(SpringHibernateJpaPersistenceProvider.java:66)
	at org.springframework.orm.jpa.LocalContainerEntityManagerFactoryBean.createNativeEntityManagerFactory(LocalContainerEntityManagerFactoryBean.java:390)
	at org.springframework.orm.jpa.AbstractEntityManagerFactoryBean.buildNativeEntityManagerFactory(AbstractEntityManagerFactoryBean.java:419)
	at org.springframework.orm.jpa.AbstractEntityManagerFactoryBean.afterPropertiesSet(AbstractEntityManagerFactoryBean.java:400)
	at org.springframework.orm.jpa.LocalContainerEntityManagerFactoryBean.afterPropertiesSet(LocalContainerEntityManagerFactoryBean.java:366)
	at org.springframework.beans.factory.support.AbstractAutowireCapableBeanFactory.invokeInitMethods(AbstractAutowireCapableBeanFactory.java:1873)
	at org.springframework.beans.factory.support.AbstractAutowireCapableBeanFactory.initializeBean(AbstractAutowireCapableBeanFactory.java:1822)
	at org.springframework.beans.factory.support.AbstractAutowireCapableBeanFactory.doCreateBean(AbstractAutowireCapableBeanFactory.java:607)
	at org.springframework.beans.factory.support.AbstractAutowireCapableBeanFactory.createBean(AbstractAutowireCapableBeanFactory.java:529)
	at org.springframework.beans.factory.support.AbstractBeanFactory.lambda$doGetBean$0(AbstractBeanFactory.java:339)
	at org.springframework.beans.factory.support.DefaultSingletonBeanRegistry.getSingleton(DefaultSingletonBeanRegistry.java:373)
	at org.springframework.beans.factory.support.AbstractBeanFactory.doGetBean(AbstractBeanFactory.java:337)
	at org.springframework.beans.factory.support.AbstractBeanFactory.getBean(AbstractBeanFactory.java:207)
	at org.springframework.context.support.AbstractApplicationContext.finishBeanFactoryInitialization(AbstractApplicationContext.java:973)
	at org.springframework.context.support.AbstractApplicationContext.refresh(AbstractApplicationContext.java:627)
	at org.springframework.boot.SpringApplication.refresh(SpringApplication.java:752)
	at org.springframework.boot.SpringApplication.refreshContext(SpringApplication.java:439)
	at org.springframework.boot.SpringApplication.run(SpringApplication.java:318)
	at org.springframework.boot.test.context.SpringBootContextLoader.lambda$loadContext$3(SpringBootContextLoader.java:144)
	at org.springframework.util.function.ThrowingSupplier.get(ThrowingSupplier.java:58)
	at org.springframework.util.function.ThrowingSupplier.get(ThrowingSupplier.java:46)
	at org.springframework.boot.SpringApplication.withHook(SpringApplication.java:1461)
	at org.springframework.boot.test.context.SpringBootContextLoader$ContextLoaderHook.run(SpringBootContextLoader.java:563)
	at org.springframework.boot.test.context.SpringBootContextLoader.loadContext(SpringBootContextLoader.java:144)
	at org.springframework.boot.test.context.SpringBootContextLoader.loadContext(SpringBootContextLoader.java:110)
	at org.springframework.test.context.cache.DefaultCacheAwareContextLoaderDelegate.loadContextInternal(DefaultCacheAwareContextLoaderDelegate.java:225)
	at org.springframework.test.context.cache.DefaultCacheAwareContextLoaderDelegate.loadContext(DefaultCacheAwareContextLoaderDelegate.java:152)
	at org.springframework.test.context.support.DefaultTestContext.getApplicationContext(DefaultTestContext.java:130)
	at org.springframework.test.context.support.DependencyInjectionTestExecutionListener.injectDependencies(DependencyInjectionTestExecutionListener.java:155)
	at org.springframework.test.context.support.DependencyInjectionTestExecutionListener.prepareTestInstance(DependencyInjectionTestExecutionListener.java:111)
	at org.springframework.test.context.TestContextManager.prepareTestInstance(TestContextManager.java:260)
	at org.springframework.test.context.junit.jupiter.SpringExtension.postProcessTestInstance(SpringExtension.java:159)
	at org.junit.jupiter.engine.descriptor.ClassBasedTestDescriptor.lambda$invokeTestInstancePostProcessors$10(ClassBasedTestDescriptor.java:383)
	at org.junit.jupiter.engine.descriptor.ClassBasedTestDescriptor.executeAndMaskThrowable(ClassBasedTestDescriptor.java:388)
	at org.junit.jupiter.engine.descriptor.ClassBasedTestDescriptor.lambda$invokeTestInstancePostProcessors$11(ClassBasedTestDescriptor.java:382)
	at java.base/java.util.stream.ForEachOps$ForEachOp$OfRef.accept(ForEachOps.java:186)
	at java.base/java.util.stream.ReferencePipeline$3$1.accept(ReferencePipeline.java:214)
	at java.base/java.util.stream.ReferencePipeline$2$1.accept(ReferencePipeline.java:197)
	at java.base/java.util.stream.ReferencePipeline$3$1.accept(ReferencePipeline.java:214)
	at java.base/java.util.ArrayList$ArrayListSpliterator.forEachRemaining(ArrayList.java:1716)
	at java.base/java.util.stream.AbstractPipeline.copyInto(AbstractPipeline.java:570)
	at java.base/java.util.stream.AbstractPipeline.wrapAndCopyInto(AbstractPipeline.java:560)
	at java.base/java.util.stream.ForEachOps$ForEachOp.evaluateSequential(ForEachOps.java:153)
	at java.base/java.util.stream.ForEachOps$ForEachOp$OfRef.evaluateSequential(ForEachOps.java:176)
	at java.base/java.util.stream.AbstractPipeline.evaluate(AbstractPipeline.java:265)
	at java.base/java.util.stream.ReferencePipeline.forEach(ReferencePipeline.java:632)
	at org.junit.jupiter.engine.descriptor.ClassBasedTestDescriptor.invokeTestInstancePostProcessors(ClassBasedTestDescriptor.java:382)
	at org.junit.jupiter.engine.descriptor.ClassBasedTestDescriptor.lambda$instantiateAndPostProcessTestInstance$6(ClassBasedTestDescriptor.java:293)
	at org.junit.platform.engine.support.hierarchical.ThrowableCollector.execute(ThrowableCollector.java:73)
	at org.junit.jupiter.engine.descriptor.ClassBasedTestDescriptor.instantiateAndPostProcessTestInstance(ClassBasedTestDescriptor.java:292)
	at org.junit.jupiter.engine.descriptor.ClassBasedTestDescriptor.lambda$testInstancesProvider$4(ClassBasedTestDescriptor.java:281)
	at java.base/java.util.Optional.orElseGet(Optional.java:364)
	at org.junit.jupiter.engine.descriptor.ClassBasedTestDescriptor.lambda$testInstancesProvider$5(ClassBasedTestDescriptor.java:280)
	at org.junit.jupiter.engine.execution.TestInstancesProvider.getTestInstances(TestInstancesProvider.java:27)
	at org.junit.jupiter.engine.descriptor.TestMethodTestDescriptor.lambda$prepare$0(TestMethodTestDescriptor.java:112)
	at org.junit.platform.engine.support.hierarchical.ThrowableCollector.execute(ThrowableCollector.java:73)
	at org.junit.jupiter.engine.descriptor.TestMethodTestDescriptor.prepare(TestMethodTestDescriptor.java:111)
	at org.junit.jupiter.engine.descriptor.TestMethodTestDescriptor.prepare(TestMethodTestDescriptor.java:69)
	at org.junit.platform.engine.support.hierarchical.NodeTestTask.lambda$prepare$2(NodeTestTask.java:128)
	at org.junit.platform.engine.support.hierarchical.ThrowableCollector.execute(ThrowableCollector.java:73)
	at org.junit.platform.engine.support.hierarchical.NodeTestTask.prepare(NodeTestTask.java:128)
	at org.junit.platform.engine.support.hierarchical.NodeTestTask.execute(NodeTestTask.java:95)
	at java.base/java.util.ArrayList.forEach(ArrayList.java:1604)
	at org.junit.platform.engine.support.hierarchical.SameThreadHierarchicalTestExecutorService.invokeAll(SameThreadHierarchicalTestExecutorService.java:41)
	at org.junit.platform.engine.support.hierarchical.NodeTestTask.lambda$executeRecursively$6(NodeTestTask.java:160)
	at org.junit.platform.engine.support.hierarchical.ThrowableCollector.execute(ThrowableCollector.java:73)
	at org.junit.platform.engine.support.hierarchical.NodeTestTask.lambda$executeRecursively$8(NodeTestTask.java:146)
	at org.junit.platform.engine.support.hierarchical.Node.around(Node.java:137)
	at org.junit.platform.engine.support.hierarchical.NodeTestTask.lambda$executeRecursively$9(NodeTestTask.java:144)
	at org.junit.platform.engine.support.hierarchical.ThrowableCollector.execute(ThrowableCollector.java:73)
	at org.junit.platform.engine.support.hierarchical.NodeTestTask.executeRecursively(NodeTestTask.java:143)
	at org.junit.platform.engine.support.hierarchical.NodeTestTask.execute(NodeTestTask.java:100)
	at java.base/java.util.ArrayList.forEach(ArrayList.java:1604)
	at org.junit.platform.engine.support.hierarchical.SameThreadHierarchicalTestExecutorService.invokeAll(SameThreadHierarchicalTestExecutorService.java:41)
	at org.junit.platform.engine.support.hierarchical.NodeTestTask.lambda$executeRecursively$6(NodeTestTask.java:160)
	at org.junit.platform.engine.support.hierarchical.ThrowableCollector.execute(ThrowableCollector.java:73)
	at org.junit.platform.engine.support.hierarchical.NodeTestTask.lambda$executeRecursively$8(NodeTestTask.java:146)
	at org.junit.platform.engine.support.hierarchical.Node.around(Node.java:137)
	at org.junit.platform.engine.support.hierarchical.NodeTestTask.lambda$executeRecursively$9(NodeTestTask.java:144)
	at org.junit.platform.engine.support.hierarchical.ThrowableCollector.execute(ThrowableCollector.java:73)
	at org.junit.platform.engine.support.hierarchical.NodeTestTask.executeRecursively(NodeTestTask.java:143)
	at org.junit.platform.engine.support.hierarchical.NodeTestTask.execute(NodeTestTask.java:100)
	at org.junit.platform.engine.support.hierarchical.SameThreadHierarchicalTestExecutorService.submit(SameThreadHierarchicalTestExecutorService.java:35)
	at org.junit.platform.engine.support.hierarchical.HierarchicalTestExecutor.execute(HierarchicalTestExecutor.java:57)
	at org.junit.platform.engine.support.hierarchical.HierarchicalTestEngine.execute(HierarchicalTestEngine.java:54)
	at org.junit.platform.launcher.core.EngineExecutionOrchestrator.execute(EngineExecutionOrchestrator.java:201)
	at org.junit.platform.launcher.core.EngineExecutionOrchestrator.execute(EngineExecutionOrchestrator.java:170)
	at org.junit.platform.launcher.core.EngineExecutionOrchestrator.execute(EngineExecutionOrchestrator.java:94)
	at org.junit.platform.launcher.core.EngineExecutionOrchestrator.lambda$execute$0(EngineExecutionOrchestrator.java:59)
	at org.junit.platform.launcher.core.EngineExecutionOrchestrator.withInterceptedStreams(EngineExecutionOrchestrator.java:142)
	at org.junit.platform.launcher.core.EngineExecutionOrchestrator.execute(EngineExecutionOrchestrator.java:58)
	at org.junit.platform.launcher.core.DefaultLauncher.execute(DefaultLauncher.java:103)
	at org.junit.platform.launcher.core.DefaultLauncher.execute(DefaultLauncher.java:85)
	at org.junit.platform.launcher.core.DelegatingLauncher.execute(DelegatingLauncher.java:47)
	at org.junit.platform.launcher.core.InterceptingLauncher.lambda$execute$1(InterceptingLauncher.java:39)
	at org.junit.platform.launcher.core.ClasspathAlignmentCheckingLauncherInterceptor.intercept(ClasspathAlignmentCheckingLauncherInterceptor.java:25)
	at org.junit.platform.launcher.core.InterceptingLauncher.execute(InterceptingLauncher.java:38)
	at org.junit.platform.launcher.core.DelegatingLauncher.execute(DelegatingLauncher.java:47)
	at org.apache.maven.surefire.junitplatform.LauncherAdapter.executeWithoutCancellationToken(LauncherAdapter.java:60)
	at org.apache.maven.surefire.junitplatform.LauncherAdapter.execute(LauncherAdapter.java:52)
	at org.apache.maven.surefire.junitplatform.JUnitPlatformProvider.execute(JUnitPlatformProvider.java:203)
	at org.apache.maven.surefire.junitplatform.JUnitPlatformProvider.invokeAllTests(JUnitPlatformProvider.java:168)
	at org.apache.maven.surefire.junitplatform.JUnitPlatformProvider.invoke(JUnitPlatformProvider.java:136)
	at org.apache.maven.surefire.booter.ForkedBooter.runSuitesInProcess(ForkedBooter.java:385)
	at org.apache.maven.surefire.booter.ForkedBooter.execute(ForkedBooter.java:162)
	at org.apache.maven.surefire.booter.ForkedBooter.run(ForkedBooter.java:507)
	at org.apache.maven.surefire.booter.ForkedBooter.main(ForkedBooter.java:495)
Caused by: org.h2.jdbc.JdbcSQLNonTransientException: Unknown data type: "OID"; SQL statement:

    create table conversation_message (
        id uuid not null,
        content oid,
        created_at timestamp(6) with time zone not null,
        message_index bigint not null,
        role varchar(32) not null,
        thinking oid,
        tool_calls oid,
        tool_name varchar(255),
        conversation_id uuid not null,
        primary key (id)
    ) [50004-232]
	at org.h2.message.DbException.getJdbcSQLException(DbException.java:566)
	at org.h2.message.DbException.getJdbcSQLException(DbException.java:489)
	at org.h2.message.DbException.get(DbException.java:223)
	at org.h2.message.DbException.get(DbException.java:199)
	at org.h2.command.Parser.readIfDataType1(Parser.java:5860)
	at org.h2.command.Parser.readIfDataType(Parser.java:5698)
	at org.h2.command.Parser.parseColumnWithType(Parser.java:5680)
	at org.h2.command.Parser.parseColumnForTable(Parser.java:5559)
	at org.h2.command.Parser.parseTableColumnDefinition(Parser.java:8876)
	at org.h2.command.Parser.parseCreateTable(Parser.java:8819)
	at org.h2.command.Parser.parseCreate(Parser.java:6398)
	at org.h2.command.Parser.parsePrepared(Parser.java:645)
	at org.h2.command.Parser.parse(Parser.java:581)
	at org.h2.command.Parser.parse(Parser.java:556)
	at org.h2.command.Parser.prepareCommand(Parser.java:484)
	at org.h2.engine.SessionLocal.prepareLocal(SessionLocal.java:645)
	at org.h2.engine.SessionLocal.prepareCommand(SessionLocal.java:561)
	at org.h2.jdbc.JdbcConnection.prepareCommand(JdbcConnection.java:1164)
	at org.h2.jdbc.JdbcStatement.executeInternal(JdbcStatement.java:245)
	at org.h2.jdbc.JdbcStatement.execute(JdbcStatement.java:231)
	at org.hibernate.tool.schema.internal.exec.GenerationTargetToDatabase.accept(GenerationTargetToDatabase.java:80)
	... 122 common frames omitted
Hibernate: 
    create table order_items (
        id bigint generated by default as identity,
        price numeric(10,2) not null,
        quantity integer not null,
        order_id bigint not null,
        product_id bigint not null,
        primary key (id)
    )
Hibernate: 
    create table orders (
        id bigint generated by default as identity,
        created_at timestamp(6) not null,
        city varchar(255),
        country varchar(255),
        state varchar(255),
        street varchar(255),
        zip_code varchar(255),
        status varchar(255) not null check (status in ('PENDING','PAID','SHIPPED','DELIVERED','CANCELLED')),
        total_amount numeric(10,2) not null,
        updated_at timestamp(6) not null,
        username varchar(255) not null,
        primary key (id)
    )
Hibernate: 
    create table password_reset_token (
        id bigint generated by default as identity,
        consumed_at timestamp(6) with time zone,
        expires_at timestamp(6) with time zone not null,
        request_ip varchar(64),
        requested_at timestamp(6) with time zone not null,
        token_hash varchar(128) not null,
        user_agent varchar(255),
        user_id integer not null,
        primary key (id)
    )
Hibernate: 
    create table products (
        id bigint generated by default as identity,
        category varchar(255) not null,
        created_at timestamp(6) not null,
        description TEXT not null,
        image_url varchar(255),
        name varchar(255) not null,
        price numeric(10,2) not null,
        stock_quantity integer not null,
        updated_at timestamp(6) not null,
        primary key (id)
    )
Hibernate: 
    create table refresh_token (
        id bigint generated by default as identity,
        expires_at timestamp(6) with time zone not null,
        revoked boolean not null,
        token varchar(255) not null,
        user_id integer not null,
        primary key (id)
    )
Hibernate: 
    create table user_entity_roles (
        user_entity_id integer not null,
        roles smallint check (roles between 0 and 1)
    )
Hibernate: 
    alter table if exists app_user 
       drop constraint if exists UK1j9d9a06i600gd43uu3km82jw
Hibernate: 
    alter table if exists app_user 
       add constraint UK1j9d9a06i600gd43uu3km82jw unique (email)
Hibernate: 
    alter table if exists app_user 
       drop constraint if exists UK3k4cplvh82srueuttfkwnylq0
Hibernate: 
    alter table if exists app_user 
       add constraint UK3k4cplvh82srueuttfkwnylq0 unique (username)
Hibernate: 
    alter table if exists cart_items 
       drop constraint if exists UKc5pp73dpaxieb6wu1idvatx5a
Hibernate: 
    alter table if exists cart_items 
       add constraint UKc5pp73dpaxieb6wu1idvatx5a unique (username, product_id)
Hibernate: 
    alter table if exists password_reset_token 
       drop constraint if exists UKanlf8vm14i1nn7pa6qlp0xa3w
Hibernate: 
    alter table if exists password_reset_token 
       add constraint UKanlf8vm14i1nn7pa6qlp0xa3w unique (token_hash)
Hibernate: 
    alter table if exists refresh_token 
       drop constraint if exists UKr4k4edos30bx9neoq81mdvwph
Hibernate: 
    alter table if exists refresh_token 
       add constraint UKr4k4edos30bx9neoq81mdvwph unique (token)
Hibernate: 
    alter table if exists cart_items 
       add constraint FK1re40cjegsfvw58xrkdp6bac6 
       foreign key (product_id) 
       references products
Hibernate: 
    alter table if exists conversation 
       add constraint FK76xbajt0brskc2keucwam6clv 
       foreign key (user_id) 
       references app_user
Hibernate: 
    alter table if exists conversation_message 
       add constraint FKhh4tgo7pncgc8xchsutwtvvg7 
       foreign key (conversation_id) 
       references conversation
Hibernate: 
    alter table if exists order_items 
       add constraint FKbioxgbv59vetrxe0ejfubep1w 
       foreign key (order_id) 
       references orders
Hibernate: 
    alter table if exists order_items 
       add constraint FKocimc7dtr037rh4ls4l95nlfi 
       foreign key (product_id) 
       references products
Hibernate: 
    alter table if exists password_reset_token 
       add constraint FKli7wollcmb8tibymo3s94o57h 
       foreign key (user_id) 
       references app_user
Hibernate: 
    alter table if exists refresh_token 
       add constraint FK5wkt2p042y3lwltk29cvpxuh 
       foreign key (user_id) 
       references app_user
Hibernate: 
    alter table if exists user_entity_roles 
       add constraint FK16kqfme8ydg5nkiky0387spjx 
       foreign key (user_entity_id) 
       references app_user
Started OrderRepositoryTest in 0.576 seconds (process running for 25.281)
Hibernate: 
    insert 
    into
        products
        (category, created_at, description, image_url, name, price, stock_quantity, updated_at) 
    values
        (?, ?, ?, ?, ?, ?, ?, ?)
Hibernate: 
    insert 
    into
        orders
        (created_at, city, country, state, street, zip_code, status, total_amount, updated_at, username) 
    values
        (?, ?, ?, ?, ?, ?, ?, ?, ?, ?)
Hibernate: 
    insert 
    into
        order_items
        (order_id, price, product_id, quantity) 
    values
        (?, ?, ?, ?)
Hibernate: 
    insert 
    into
        orders
        (created_at, city, country, state, street, zip_code, status, total_amount, updated_at, username) 
    values
        (?, ?, ?, ?, ?, ?, ?, ?, ?, ?)
Hibernate: 
    insert 
    into
        order_items
        (order_id, price, product_id, quantity) 
    values
        (?, ?, ?, ?)
HHH90003004: firstResult/maxResults specified with collection fetch; applying in memory
Hibernate: 
    select
        oe1_0.id,
        oe1_0.created_at,
        i1_0.order_id,
        i1_0.id,
        i1_0.price,
        i1_0.product_id,
        i1_0.quantity,
        oe1_0.city,
        oe1_0.country,
        oe1_0.state,
        oe1_0.street,
        oe1_0.zip_code,
        oe1_0.status,
        oe1_0.total_amount,
        oe1_0.updated_at,
        oe1_0.username 
    from
        orders oe1_0 
    left join
        order_items i1_0 
            on oe1_0.id=i1_0.order_id 
    where
        oe1_0.username=? 
        and oe1_0.status=?
Hibernate: 
    insert 
    into
        products
        (category, created_at, description, image_url, name, price, stock_quantity, updated_at) 
    values
        (?, ?, ?, ?, ?, ?, ?, ?)
Hibernate: 
    insert 
    into
        orders
        (created_at, city, country, state, street, zip_code, status, total_amount, updated_at, username) 
    values
        (?, ?, ?, ?, ?, ?, ?, ?, ?, ?)
Hibernate: 
    insert 
    into
        order_items
        (order_id, price, product_id, quantity) 
    values
        (?, ?, ?, ?)
Hibernate: 
    insert 
    into
        orders
        (created_at, city, country, state, street, zip_code, status, total_amount, updated_at, username) 
    values
        (?, ?, ?, ?, ?, ?, ?, ?, ?, ?)
Hibernate: 
    insert 
    into
        order_items
        (order_id, price, product_id, quantity) 
    values
        (?, ?, ?, ?)
HHH90003004: firstResult/maxResults specified with collection fetch; applying in memory
Hibernate: 
    select
        oe1_0.id,
        oe1_0.created_at,
        i1_0.order_id,
        i1_0.id,
        i1_0.price,
        i1_0.product_id,
        i1_0.quantity,
        oe1_0.city,
        oe1_0.country,
        oe1_0.state,
        oe1_0.street,
        oe1_0.zip_code,
        oe1_0.status,
        oe1_0.total_amount,
        oe1_0.updated_at,
        oe1_0.username 
    from
        orders oe1_0 
    left join
        order_items i1_0 
            on oe1_0.id=i1_0.order_id 
    where
        oe1_0.username=?
Hibernate: 
    insert 
    into
        products
        (category, created_at, description, image_url, name, price, stock_quantity, updated_at) 
    values
        (?, ?, ?, ?, ?, ?, ?, ?)
Hibernate: 
    insert 
    into
        orders
        (created_at, city, country, state, street, zip_code, status, total_amount, updated_at, username) 
    values
        (?, ?, ?, ?, ?, ?, ?, ?, ?, ?)
Hibernate: 
    insert 
    into
        order_items
        (order_id, price, product_id, quantity) 
    values
        (?, ?, ?, ?)
Hibernate: 
    insert 
    into
        orders
        (created_at, city, country, state, street, zip_code, status, total_amount, updated_at, username) 
    values
        (?, ?, ?, ?, ?, ?, ?, ?, ?, ?)
Hibernate: 
    insert 
    into
        order_items
        (order_id, price, product_id, quantity) 
    values
        (?, ?, ?, ?)
Hibernate: 
    insert 
    into
        orders
        (created_at, city, country, state, street, zip_code, status, total_amount, updated_at, username) 
    values
        (?, ?, ?, ?, ?, ?, ?, ?, ?, ?)
Hibernate: 
    insert 
    into
        order_items
        (order_id, price, product_id, quantity) 
    values
        (?, ?, ?, ?)
HHH90003004: firstResult/maxResults specified with collection fetch; applying in memory
Hibernate: 
    select
        distinct oe1_0.id,
        oe1_0.created_at,
        i1_0.order_id,
        i1_0.id,
        i1_0.price,
        i1_0.product_id,
        i1_0.quantity,
        oe1_0.city,
        oe1_0.country,
        oe1_0.state,
        oe1_0.street,
        oe1_0.zip_code,
        oe1_0.status,
        oe1_0.total_amount,
        oe1_0.updated_at,
        oe1_0.username 
    from
        orders oe1_0 
    left join
        order_items i1_0 
            on oe1_0.id=i1_0.order_id 
    where
        oe1_0.status=?
Hibernate: 
    insert 
    into
        products
        (category, created_at, description, image_url, name, price, stock_quantity, updated_at) 
    values
        (?, ?, ?, ?, ?, ?, ?, ?)
Hibernate: 
    insert 
    into
        orders
        (created_at, city, country, state, street, zip_code, status, total_amount, updated_at, username) 
    values
        (?, ?, ?, ?, ?, ?, ?, ?, ?, ?)
Hibernate: 
    insert 
    into
        order_items
        (order_id, price, product_id, quantity) 
    values
        (?, ?, ?, ?)
Hibernate: 
    select
        oe1_0.id,
        oe1_0.created_at,
        i1_0.order_id,
        i1_0.id,
        i1_0.price,
        i1_0.product_id,
        i1_0.quantity,
        oe1_0.city,
        oe1_0.country,
        oe1_0.state,
        oe1_0.street,
        oe1_0.zip_code,
        oe1_0.status,
        oe1_0.total_amount,
        oe1_0.updated_at,
        oe1_0.username 
    from
        orders oe1_0 
    left join
        order_items i1_0 
            on oe1_0.id=i1_0.order_id 
    where
        oe1_0.id=? 
        and oe1_0.username=?
Hibernate: 
    select
        oe1_0.id,
        oe1_0.created_at,
        i1_0.order_id,
        i1_0.id,
        i1_0.price,
        i1_0.product_id,
        i1_0.quantity,
        oe1_0.city,
        oe1_0.country,
        oe1_0.state,
        oe1_0.street,
        oe1_0.zip_code,
        oe1_0.status,
        oe1_0.total_amount,
        oe1_0.updated_at,
        oe1_0.username 
    from
        orders oe1_0 
    left join
        order_items i1_0 
            on oe1_0.id=i1_0.order_id 
    where
        oe1_0.id=? 
        and oe1_0.username=?
[INFO] Tests run: 4, Failures: 0, Errors: 0, Skipped: 0, Time elapsed: 0.744 s -- in com.awesome.testing.repository.OrderRepositoryTest
[INFO] Running com.awesome.testing.repository.CartItemRepositoryTest
Hibernate: 
    insert 
    into
        products
        (category, created_at, description, image_url, name, price, stock_quantity, updated_at) 
    values
        (?, ?, ?, ?, ?, ?, ?, ?)
Hibernate: 
    insert 
    into
        products
        (category, created_at, description, image_url, name, price, stock_quantity, updated_at) 
    values
        (?, ?, ?, ?, ?, ?, ?, ?)
Hibernate: 
    insert 
    into
        cart_items
        (price, product_id, quantity, username, version) 
    values
        (?, ?, ?, ?, ?)
Hibernate: 
    insert 
    into
        products
        (category, created_at, description, image_url, name, price, stock_quantity, updated_at) 
    values
        (?, ?, ?, ?, ?, ?, ?, ?)
Hibernate: 
    insert 
    into
        cart_items
        (price, product_id, quantity, username, version) 
    values
        (?, ?, ?, ?, ?)
Hibernate: 
    select
        cie1_0.id,
        cie1_0.price,
        cie1_0.product_id,
        cie1_0.quantity,
        cie1_0.username,
        cie1_0.version 
    from
        cart_items cie1_0 
    where
        cie1_0.username=?
Hibernate: 
    delete 
    from
        cart_items 
    where
        id=? 
        and version=?
Hibernate: 
    delete 
    from
        cart_items 
    where
        id=? 
        and version=?
Hibernate: 
    select
        cie1_0.id,
        cie1_0.price,
        cie1_0.product_id,
        p1_0.id,
        p1_0.category,
        p1_0.created_at,
        p1_0.description,
        p1_0.image_url,
        p1_0.name,
        p1_0.price,
        p1_0.stock_quantity,
        p1_0.updated_at,
        cie1_0.quantity,
        cie1_0.username,
        cie1_0.version 
    from
        cart_items cie1_0 
    join
        products p1_0 
            on p1_0.id=cie1_0.product_id 
    where
        cie1_0.username=?
Hibernate: 
    insert 
    into
        products
        (category, created_at, description, image_url, name, price, stock_quantity, updated_at) 
    values
        (?, ?, ?, ?, ?, ?, ?, ?)
Hibernate: 
    insert 
    into
        cart_items
        (price, product_id, quantity, username, version) 
    values
        (?, ?, ?, ?, ?)
Hibernate: 
    insert 
    into
        products
        (category, created_at, description, image_url, name, price, stock_quantity, updated_at) 
    values
        (?, ?, ?, ?, ?, ?, ?, ?)
Hibernate: 
    insert 
    into
        cart_items
        (price, product_id, quantity, username, version) 
    values
        (?, ?, ?, ?, ?)
Hibernate: 
    select
        cie1_0.id,
        cie1_0.price,
        cie1_0.product_id,
        cie1_0.quantity,
        cie1_0.username,
        cie1_0.version 
    from
        cart_items cie1_0 
    left join
        products p1_0 
            on p1_0.id=cie1_0.product_id 
    where
        cie1_0.username=? 
        and p1_0.id=?
Hibernate: 
    delete 
    from
        cart_items 
    where
        id=? 
        and version=?
Hibernate: 
    select
        cie1_0.id,
        cie1_0.price,
        cie1_0.product_id,
        p1_0.id,
        p1_0.category,
        p1_0.created_at,
        p1_0.description,
        p1_0.image_url,
        p1_0.name,
        p1_0.price,
        p1_0.stock_quantity,
        p1_0.updated_at,
        cie1_0.quantity,
        cie1_0.username,
        cie1_0.version 
    from
        cart_items cie1_0 
    join
        products p1_0 
            on p1_0.id=cie1_0.product_id 
    where
        cie1_0.username=?
Hibernate: 
    insert 
    into
        products
        (category, created_at, description, image_url, name, price, stock_quantity, updated_at) 
    values
        (?, ?, ?, ?, ?, ?, ?, ?)
Hibernate: 
    insert 
    into
        cart_items
        (price, product_id, quantity, username, version) 
    values
        (?, ?, ?, ?, ?)
Hibernate: 
    select
        cie1_0.id,
        cie1_0.price,
        cie1_0.product_id,
        p1_0.id,
        p1_0.category,
        p1_0.created_at,
        p1_0.description,
        p1_0.image_url,
        p1_0.name,
        p1_0.price,
        p1_0.stock_quantity,
        p1_0.updated_at,
        cie1_0.quantity,
        cie1_0.username,
        cie1_0.version 
    from
        cart_items cie1_0 
    join
        products p1_0 
            on p1_0.id=cie1_0.product_id 
    where
        cie1_0.username=? 
        and p1_0.id=?
Hibernate: 
    insert 
    into
        products
        (category, created_at, description, image_url, name, price, stock_quantity, updated_at) 
    values
        (?, ?, ?, ?, ?, ?, ?, ?)
Hibernate: 
    insert 
    into
        products
        (category, created_at, description, image_url, name, price, stock_quantity, updated_at) 
    values
        (?, ?, ?, ?, ?, ?, ?, ?)
Hibernate: 
    insert 
    into
        cart_items
        (price, product_id, quantity, username, version) 
    values
        (?, ?, ?, ?, ?)
Hibernate: 
    insert 
    into
        products
        (category, created_at, description, image_url, name, price, stock_quantity, updated_at) 
    values
        (?, ?, ?, ?, ?, ?, ?, ?)
Hibernate: 
    insert 
    into
        cart_items
        (price, product_id, quantity, username, version) 
    values
        (?, ?, ?, ?, ?)
Hibernate: 
    select
        cie1_0.id,
        cie1_0.price,
        cie1_0.product_id,
        p1_0.id,
        p1_0.category,
        p1_0.created_at,
        p1_0.description,
        p1_0.image_url,
        p1_0.name,
        p1_0.price,
        p1_0.stock_quantity,
        p1_0.updated_at,
        cie1_0.quantity,
        cie1_0.username,
        cie1_0.version 
    from
        cart_items cie1_0 
    join
        products p1_0 
            on p1_0.id=cie1_0.product_id 
    where
        cie1_0.username=?
[INFO] Tests run: 4, Failures: 0, Errors: 0, Skipped: 0, Time elapsed: 0.125 s -- in com.awesome.testing.repository.CartItemRepositoryTest
[INFO] Running com.awesome.testing.endpoints.traffic.TrafficControllerTest
Standard Commons Logging discovery in action with spring-jcl: please remove commons-logging.jar from classpath in order to avoid potential conflicts
HHH90000025: H2Dialect does not need to be specified explicitly using 'hibernate.dialect' (remove the property setting and it will be selected by default)
Global AuthenticationManager configured with UserDetailsService bean with name myUserDetails
AMQ224104: Error starting the Acceptor invm {serverId=0}
AMQ224000: Failure in initialisation
java.lang.IllegalArgumentException: AMQ229062: Acceptor with id 0 already registered
	at org.apache.activemq.artemis.core.remoting.impl.invm.InVMRegistry.registerAcceptor(InVMRegistry.java:32)
	at org.apache.activemq.artemis.core.remoting.impl.invm.InVMAcceptor.start(InVMAcceptor.java:137)
	at org.apache.activemq.artemis.core.remoting.server.impl.RemotingServiceImpl.startAcceptors(RemotingServiceImpl.java:309)
	at org.apache.activemq.artemis.core.server.impl.ActiveMQServerImpl.completeActivation(ActiveMQServerImpl.java:3654)
	at org.apache.activemq.artemis.core.server.impl.PrimaryOnlyActivation.run(PrimaryOnlyActivation.java:80)
	at org.apache.activemq.artemis.core.server.impl.ActiveMQServerImpl.internalStart(ActiveMQServerImpl.java:743)
	at org.apache.activemq.artemis.core.server.impl.ActiveMQServerImpl.start(ActiveMQServerImpl.java:633)
	at org.apache.activemq.artemis.core.server.embedded.EmbeddedActiveMQ.start(EmbeddedActiveMQ.java:124)
	at java.base/jdk.internal.reflect.DirectMethodHandleAccessor.invoke(DirectMethodHandleAccessor.java:104)
	at java.base/java.lang.reflect.Method.invoke(Method.java:565)
	at org.springframework.beans.factory.support.AbstractAutowireCapableBeanFactory.invokeCustomInitMethod(AbstractAutowireCapableBeanFactory.java:1930)
	at org.springframework.beans.factory.support.AbstractAutowireCapableBeanFactory.invokeInitMethods(AbstractAutowireCapableBeanFactory.java:1883)
	at org.springframework.beans.factory.support.AbstractAutowireCapableBeanFactory.initializeBean(AbstractAutowireCapableBeanFactory.java:1822)
	at org.springframework.beans.factory.support.AbstractAutowireCapableBeanFactory.doCreateBean(AbstractAutowireCapableBeanFactory.java:607)
	at org.springframework.beans.factory.support.AbstractAutowireCapableBeanFactory.createBean(AbstractAutowireCapableBeanFactory.java:529)
	at org.springframework.beans.factory.support.AbstractBeanFactory.lambda$doGetBean$0(AbstractBeanFactory.java:339)
	at org.springframework.beans.factory.support.DefaultSingletonBeanRegistry.getSingleton(DefaultSingletonBeanRegistry.java:373)
	at org.springframework.beans.factory.support.AbstractBeanFactory.doGetBean(AbstractBeanFactory.java:337)
	at org.springframework.beans.factory.support.AbstractBeanFactory.getBean(AbstractBeanFactory.java:202)
	at org.springframework.beans.factory.support.DefaultListableBeanFactory.instantiateSingleton(DefaultListableBeanFactory.java:1228)
	at org.springframework.beans.factory.support.DefaultListableBeanFactory.preInstantiateSingleton(DefaultListableBeanFactory.java:1194)
	at org.springframework.beans.factory.support.DefaultListableBeanFactory.preInstantiateSingletons(DefaultListableBeanFactory.java:1130)
	at org.springframework.context.support.AbstractApplicationContext.finishBeanFactoryInitialization(AbstractApplicationContext.java:990)
	at org.springframework.context.support.AbstractApplicationContext.refresh(AbstractApplicationContext.java:627)
	at org.springframework.boot.web.servlet.context.ServletWebServerApplicationContext.refresh(ServletWebServerApplicationContext.java:146)
	at org.springframework.boot.SpringApplication.refresh(SpringApplication.java:752)
	at org.springframework.boot.SpringApplication.refreshContext(SpringApplication.java:439)
	at org.springframework.boot.SpringApplication.run(SpringApplication.java:318)
	at org.springframework.boot.test.context.SpringBootContextLoader.lambda$loadContext$3(SpringBootContextLoader.java:144)
	at org.springframework.util.function.ThrowingSupplier.get(ThrowingSupplier.java:58)
	at org.springframework.util.function.ThrowingSupplier.get(ThrowingSupplier.java:46)
	at org.springframework.boot.SpringApplication.withHook(SpringApplication.java:1461)
	at org.springframework.boot.test.context.SpringBootContextLoader$ContextLoaderHook.run(SpringBootContextLoader.java:563)
	at org.springframework.boot.test.context.SpringBootContextLoader.loadContext(SpringBootContextLoader.java:144)
	at org.springframework.boot.test.context.SpringBootContextLoader.loadContext(SpringBootContextLoader.java:110)
	at org.springframework.test.context.cache.DefaultCacheAwareContextLoaderDelegate.loadContextInternal(DefaultCacheAwareContextLoaderDelegate.java:225)
	at org.springframework.test.context.cache.DefaultCacheAwareContextLoaderDelegate.loadContext(DefaultCacheAwareContextLoaderDelegate.java:152)
	at org.springframework.test.context.support.DefaultTestContext.getApplicationContext(DefaultTestContext.java:130)
	at org.springframework.test.context.support.DependencyInjectionTestExecutionListener.injectDependencies(DependencyInjectionTestExecutionListener.java:155)
	at org.springframework.test.context.support.DependencyInjectionTestExecutionListener.prepareTestInstance(DependencyInjectionTestExecutionListener.java:111)
	at org.springframework.test.context.TestContextManager.prepareTestInstance(TestContextManager.java:260)
	at org.springframework.test.context.junit.jupiter.SpringExtension.postProcessTestInstance(SpringExtension.java:159)
	at org.junit.jupiter.engine.descriptor.ClassBasedTestDescriptor.lambda$invokeTestInstancePostProcessors$10(ClassBasedTestDescriptor.java:383)
	at org.junit.jupiter.engine.descriptor.ClassBasedTestDescriptor.executeAndMaskThrowable(ClassBasedTestDescriptor.java:388)
	at org.junit.jupiter.engine.descriptor.ClassBasedTestDescriptor.lambda$invokeTestInstancePostProcessors$11(ClassBasedTestDescriptor.java:382)
	at java.base/java.util.stream.ForEachOps$ForEachOp$OfRef.accept(ForEachOps.java:186)
	at java.base/java.util.stream.ReferencePipeline$3$1.accept(ReferencePipeline.java:214)
	at java.base/java.util.stream.ReferencePipeline$2$1.accept(ReferencePipeline.java:197)
	at java.base/java.util.stream.ReferencePipeline$3$1.accept(ReferencePipeline.java:214)
	at java.base/java.util.ArrayList$ArrayListSpliterator.forEachRemaining(ArrayList.java:1716)
	at java.base/java.util.stream.AbstractPipeline.copyInto(AbstractPipeline.java:570)
	at java.base/java.util.stream.AbstractPipeline.wrapAndCopyInto(AbstractPipeline.java:560)
	at java.base/java.util.stream.ForEachOps$ForEachOp.evaluateSequential(ForEachOps.java:153)
	at java.base/java.util.stream.ForEachOps$ForEachOp$OfRef.evaluateSequential(ForEachOps.java:176)
	at java.base/java.util.stream.AbstractPipeline.evaluate(AbstractPipeline.java:265)
	at java.base/java.util.stream.ReferencePipeline.forEach(ReferencePipeline.java:632)
	at org.junit.jupiter.engine.descriptor.ClassBasedTestDescriptor.invokeTestInstancePostProcessors(ClassBasedTestDescriptor.java:382)
	at org.junit.jupiter.engine.descriptor.ClassBasedTestDescriptor.lambda$instantiateAndPostProcessTestInstance$6(ClassBasedTestDescriptor.java:293)
	at org.junit.platform.engine.support.hierarchical.ThrowableCollector.execute(ThrowableCollector.java:73)
	at org.junit.jupiter.engine.descriptor.ClassBasedTestDescriptor.instantiateAndPostProcessTestInstance(ClassBasedTestDescriptor.java:292)
	at org.junit.jupiter.engine.descriptor.ClassBasedTestDescriptor.lambda$testInstancesProvider$4(ClassBasedTestDescriptor.java:281)
	at java.base/java.util.Optional.orElseGet(Optional.java:364)
	at org.junit.jupiter.engine.descriptor.ClassBasedTestDescriptor.lambda$testInstancesProvider$5(ClassBasedTestDescriptor.java:280)
	at org.junit.jupiter.engine.execution.TestInstancesProvider.getTestInstances(TestInstancesProvider.java:27)
	at org.junit.jupiter.engine.descriptor.TestMethodTestDescriptor.lambda$prepare$0(TestMethodTestDescriptor.java:112)
	at org.junit.platform.engine.support.hierarchical.ThrowableCollector.execute(ThrowableCollector.java:73)
	at org.junit.jupiter.engine.descriptor.TestMethodTestDescriptor.prepare(TestMethodTestDescriptor.java:111)
	at org.junit.jupiter.engine.descriptor.TestMethodTestDescriptor.prepare(TestMethodTestDescriptor.java:69)
	at org.junit.platform.engine.support.hierarchical.NodeTestTask.lambda$prepare$2(NodeTestTask.java:128)
	at org.junit.platform.engine.support.hierarchical.ThrowableCollector.execute(ThrowableCollector.java:73)
	at org.junit.platform.engine.support.hierarchical.NodeTestTask.prepare(NodeTestTask.java:128)
	at org.junit.platform.engine.support.hierarchical.NodeTestTask.execute(NodeTestTask.java:95)
	at java.base/java.util.ArrayList.forEach(ArrayList.java:1604)
	at org.junit.platform.engine.support.hierarchical.SameThreadHierarchicalTestExecutorService.invokeAll(SameThreadHierarchicalTestExecutorService.java:41)
	at org.junit.platform.engine.support.hierarchical.NodeTestTask.lambda$executeRecursively$6(NodeTestTask.java:160)
	at org.junit.platform.engine.support.hierarchical.ThrowableCollector.execute(ThrowableCollector.java:73)
	at org.junit.platform.engine.support.hierarchical.NodeTestTask.lambda$executeRecursively$8(NodeTestTask.java:146)
	at org.junit.platform.engine.support.hierarchical.Node.around(Node.java:137)
	at org.junit.platform.engine.support.hierarchical.NodeTestTask.lambda$executeRecursively$9(NodeTestTask.java:144)
	at org.junit.platform.engine.support.hierarchical.ThrowableCollector.execute(ThrowableCollector.java:73)
	at org.junit.platform.engine.support.hierarchical.NodeTestTask.executeRecursively(NodeTestTask.java:143)
	at org.junit.platform.engine.support.hierarchical.NodeTestTask.execute(NodeTestTask.java:100)
	at java.base/java.util.ArrayList.forEach(ArrayList.java:1604)
	at org.junit.platform.engine.support.hierarchical.SameThreadHierarchicalTestExecutorService.invokeAll(SameThreadHierarchicalTestExecutorService.java:41)
	at org.junit.platform.engine.support.hierarchical.NodeTestTask.lambda$executeRecursively$6(NodeTestTask.java:160)
	at org.junit.platform.engine.support.hierarchical.ThrowableCollector.execute(ThrowableCollector.java:73)
	at org.junit.platform.engine.support.hierarchical.NodeTestTask.lambda$executeRecursively$8(NodeTestTask.java:146)
	at org.junit.platform.engine.support.hierarchical.Node.around(Node.java:137)
	at org.junit.platform.engine.support.hierarchical.NodeTestTask.lambda$executeRecursively$9(NodeTestTask.java:144)
	at org.junit.platform.engine.support.hierarchical.ThrowableCollector.execute(ThrowableCollector.java:73)
	at org.junit.platform.engine.support.hierarchical.NodeTestTask.executeRecursively(NodeTestTask.java:143)
	at org.junit.platform.engine.support.hierarchical.NodeTestTask.execute(NodeTestTask.java:100)
	at org.junit.platform.engine.support.hierarchical.SameThreadHierarchicalTestExecutorService.submit(SameThreadHierarchicalTestExecutorService.java:35)
	at org.junit.platform.engine.support.hierarchical.HierarchicalTestExecutor.execute(HierarchicalTestExecutor.java:57)
	at org.junit.platform.engine.support.hierarchical.HierarchicalTestEngine.execute(HierarchicalTestEngine.java:54)
	at org.junit.platform.launcher.core.EngineExecutionOrchestrator.execute(EngineExecutionOrchestrator.java:201)
	at org.junit.platform.launcher.core.EngineExecutionOrchestrator.execute(EngineExecutionOrchestrator.java:170)
	at org.junit.platform.launcher.core.EngineExecutionOrchestrator.execute(EngineExecutionOrchestrator.java:94)
	at org.junit.platform.launcher.core.EngineExecutionOrchestrator.lambda$execute$0(EngineExecutionOrchestrator.java:59)
	at org.junit.platform.launcher.core.EngineExecutionOrchestrator.withInterceptedStreams(EngineExecutionOrchestrator.java:142)
	at org.junit.platform.launcher.core.EngineExecutionOrchestrator.execute(EngineExecutionOrchestrator.java:58)
	at org.junit.platform.launcher.core.DefaultLauncher.execute(DefaultLauncher.java:103)
	at org.junit.platform.launcher.core.DefaultLauncher.execute(DefaultLauncher.java:85)
	at org.junit.platform.launcher.core.DelegatingLauncher.execute(DelegatingLauncher.java:47)
	at org.junit.platform.launcher.core.InterceptingLauncher.lambda$execute$1(InterceptingLauncher.java:39)
	at org.junit.platform.launcher.core.ClasspathAlignmentCheckingLauncherInterceptor.intercept(ClasspathAlignmentCheckingLauncherInterceptor.java:25)
	at org.junit.platform.launcher.core.InterceptingLauncher.execute(InterceptingLauncher.java:38)
	at org.junit.platform.launcher.core.DelegatingLauncher.execute(DelegatingLauncher.java:47)
	at org.apache.maven.surefire.junitplatform.LauncherAdapter.executeWithoutCancellationToken(LauncherAdapter.java:60)
	at org.apache.maven.surefire.junitplatform.LauncherAdapter.execute(LauncherAdapter.java:52)
	at org.apache.maven.surefire.junitplatform.JUnitPlatformProvider.execute(JUnitPlatformProvider.java:203)
	at org.apache.maven.surefire.junitplatform.JUnitPlatformProvider.invokeAllTests(JUnitPlatformProvider.java:168)
	at org.apache.maven.surefire.junitplatform.JUnitPlatformProvider.invoke(JUnitPlatformProvider.java:136)
	at org.apache.maven.surefire.booter.ForkedBooter.runSuitesInProcess(ForkedBooter.java:385)
	at org.apache.maven.surefire.booter.ForkedBooter.execute(ForkedBooter.java:162)
	at org.apache.maven.surefire.booter.ForkedBooter.run(ForkedBooter.java:507)
	at org.apache.maven.surefire.booter.ForkedBooter.main(ForkedBooter.java:495)
spring.jpa.open-in-view is enabled by default. Therefore, database queries may be performed during view rendering. Explicitly configure spring.jpa.open-in-view to disable this warning
Starting...
BrokerAvailabilityEvent[available=true, SimpleBrokerMessageHandler [org.springframework.messaging.simp.broker.DefaultSubscriptionRegistry@650a808e]]
Started.
Initializing Servlet 'dispatcherServlet'
Completed initialization in 2 ms
[INFO] Tests run: 2, Failures: 0, Errors: 0, Skipped: 0, Time elapsed: 3.584 s -- in com.awesome.testing.endpoints.traffic.TrafficControllerTest
[INFO] Running com.awesome.testing.endpoints.order.CreateOrderControllerTest
[INFO] Tests run: 4, Failures: 0, Errors: 0, Skipped: 0, Time elapsed: 3.183 s -- in com.awesome.testing.endpoints.order.CreateOrderControllerTest
[INFO] Running com.awesome.testing.endpoints.order.GetOrdersControllerTest
HHH90003004: firstResult/maxResults specified with collection fetch; applying in memory
HHH90003004: firstResult/maxResults specified with collection fetch; applying in memory
[INFO] Tests run: 3, Failures: 0, Errors: 0, Skipped: 0, Time elapsed: 1.801 s -- in com.awesome.testing.endpoints.order.GetOrdersControllerTest
[INFO] Running com.awesome.testing.endpoints.order.UpdateOrderStatusControllerTest
[INFO] Tests run: 5, Failures: 0, Errors: 0, Skipped: 0, Time elapsed: 3.093 s -- in com.awesome.testing.endpoints.order.UpdateOrderStatusControllerTest
[INFO] Running com.awesome.testing.endpoints.order.CancelOrderControllerTest
[INFO] Tests run: 6, Failures: 0, Errors: 0, Skipped: 0, Time elapsed: 4.206 s -- in com.awesome.testing.endpoints.order.CancelOrderControllerTest
[INFO] Running com.awesome.testing.endpoints.order.GetAllOrdersAdminControllerTest
HHH90003004: firstResult/maxResults specified with collection fetch; applying in memory
HHH90003004: firstResult/maxResults specified with collection fetch; applying in memory
[INFO] Tests run: 4, Failures: 0, Errors: 0, Skipped: 0, Time elapsed: 2.430 s -- in com.awesome.testing.endpoints.order.GetAllOrdersAdminControllerTest
[INFO] Running com.awesome.testing.endpoints.order.GetSingleOrderControllerTest
[INFO] Tests run: 5, Failures: 0, Errors: 0, Skipped: 0, Time elapsed: 2.913 s -- in com.awesome.testing.endpoints.order.GetSingleOrderControllerTest
[INFO] Running com.awesome.testing.endpoints.products.UpdateProductControllerTest
[INFO] Tests run: 7, Failures: 0, Errors: 0, Skipped: 0, Time elapsed: 3.940 s -- in com.awesome.testing.endpoints.products.UpdateProductControllerTest
[INFO] Running com.awesome.testing.endpoints.products.GetAllProductsControllerTest
[INFO] Tests run: 2, Failures: 0, Errors: 0, Skipped: 0, Time elapsed: 0.687 s -- in com.awesome.testing.endpoints.products.GetAllProductsControllerTest
[INFO] Running com.awesome.testing.endpoints.products.GetSingleProductControllerTest
[INFO] Tests run: 3, Failures: 0, Errors: 0, Skipped: 0, Time elapsed: 1.205 s -- in com.awesome.testing.endpoints.products.GetSingleProductControllerTest
[INFO] Running com.awesome.testing.endpoints.products.DeleteProductControllerTest
[INFO] Tests run: 4, Failures: 0, Errors: 0, Skipped: 0, Time elapsed: 2.070 s -- in com.awesome.testing.endpoints.products.DeleteProductControllerTest
[INFO] Running com.awesome.testing.endpoints.products.CreateProductControllerTest
[INFO] Tests run: 5, Failures: 0, Errors: 0, Skipped: 0, Time elapsed: 2.657 s -- in com.awesome.testing.endpoints.products.CreateProductControllerTest
[INFO] Running com.awesome.testing.endpoints.qr.CreateQrControllerTest
[INFO] Tests run: 3, Failures: 0, Errors: 0, Skipped: 0, Time elapsed: 1.400 s -- in com.awesome.testing.endpoints.qr.CreateQrControllerTest
[INFO] Running com.awesome.testing.endpoints.EmailControllerTest
Standard Commons Logging discovery in action with spring-jcl: please remove commons-logging.jar from classpath in order to avoid potential conflicts
HHH90000025: H2Dialect does not need to be specified explicitly using 'hibernate.dialect' (remove the property setting and it will be selected by default)
Global AuthenticationManager configured with UserDetailsService bean with name myUserDetails
AMQ224104: Error starting the Acceptor invm {serverId=0}
AMQ224000: Failure in initialisation
java.lang.IllegalArgumentException: AMQ229062: Acceptor with id 0 already registered
	at org.apache.activemq.artemis.core.remoting.impl.invm.InVMRegistry.registerAcceptor(InVMRegistry.java:32)
	at org.apache.activemq.artemis.core.remoting.impl.invm.InVMAcceptor.start(InVMAcceptor.java:137)
	at org.apache.activemq.artemis.core.remoting.server.impl.RemotingServiceImpl.startAcceptors(RemotingServiceImpl.java:309)
	at org.apache.activemq.artemis.core.server.impl.ActiveMQServerImpl.completeActivation(ActiveMQServerImpl.java:3654)
	at org.apache.activemq.artemis.core.server.impl.PrimaryOnlyActivation.run(PrimaryOnlyActivation.java:80)
	at org.apache.activemq.artemis.core.server.impl.ActiveMQServerImpl.internalStart(ActiveMQServerImpl.java:743)
	at org.apache.activemq.artemis.core.server.impl.ActiveMQServerImpl.start(ActiveMQServerImpl.java:633)
	at org.apache.activemq.artemis.core.server.embedded.EmbeddedActiveMQ.start(EmbeddedActiveMQ.java:124)
	at java.base/jdk.internal.reflect.DirectMethodHandleAccessor.invoke(DirectMethodHandleAccessor.java:104)
	at java.base/java.lang.reflect.Method.invoke(Method.java:565)
	at org.springframework.beans.factory.support.AbstractAutowireCapableBeanFactory.invokeCustomInitMethod(AbstractAutowireCapableBeanFactory.java:1930)
	at org.springframework.beans.factory.support.AbstractAutowireCapableBeanFactory.invokeInitMethods(AbstractAutowireCapableBeanFactory.java:1883)
	at org.springframework.beans.factory.support.AbstractAutowireCapableBeanFactory.initializeBean(AbstractAutowireCapableBeanFactory.java:1822)
	at org.springframework.beans.factory.support.AbstractAutowireCapableBeanFactory.doCreateBean(AbstractAutowireCapableBeanFactory.java:607)
	at org.springframework.beans.factory.support.AbstractAutowireCapableBeanFactory.createBean(AbstractAutowireCapableBeanFactory.java:529)
	at org.springframework.beans.factory.support.AbstractBeanFactory.lambda$doGetBean$0(AbstractBeanFactory.java:339)
	at org.springframework.beans.factory.support.DefaultSingletonBeanRegistry.getSingleton(DefaultSingletonBeanRegistry.java:373)
	at org.springframework.beans.factory.support.AbstractBeanFactory.doGetBean(AbstractBeanFactory.java:337)
	at org.springframework.beans.factory.support.AbstractBeanFactory.getBean(AbstractBeanFactory.java:202)
	at org.springframework.beans.factory.support.DefaultListableBeanFactory.instantiateSingleton(DefaultListableBeanFactory.java:1228)
	at org.springframework.beans.factory.support.DefaultListableBeanFactory.preInstantiateSingleton(DefaultListableBeanFactory.java:1194)
	at org.springframework.beans.factory.support.DefaultListableBeanFactory.preInstantiateSingletons(DefaultListableBeanFactory.java:1130)
	at org.springframework.context.support.AbstractApplicationContext.finishBeanFactoryInitialization(AbstractApplicationContext.java:990)
	at org.springframework.context.support.AbstractApplicationContext.refresh(AbstractApplicationContext.java:627)
	at org.springframework.boot.web.servlet.context.ServletWebServerApplicationContext.refresh(ServletWebServerApplicationContext.java:146)
	at org.springframework.boot.SpringApplication.refresh(SpringApplication.java:752)
	at org.springframework.boot.SpringApplication.refreshContext(SpringApplication.java:439)
	at org.springframework.boot.SpringApplication.run(SpringApplication.java:318)
	at org.springframework.boot.test.context.SpringBootContextLoader.lambda$loadContext$3(SpringBootContextLoader.java:144)
	at org.springframework.util.function.ThrowingSupplier.get(ThrowingSupplier.java:58)
	at org.springframework.util.function.ThrowingSupplier.get(ThrowingSupplier.java:46)
	at org.springframework.boot.SpringApplication.withHook(SpringApplication.java:1461)
	at org.springframework.boot.test.context.SpringBootContextLoader$ContextLoaderHook.run(SpringBootContextLoader.java:563)
	at org.springframework.boot.test.context.SpringBootContextLoader.loadContext(SpringBootContextLoader.java:144)
	at org.springframework.boot.test.context.SpringBootContextLoader.loadContext(SpringBootContextLoader.java:110)
	at org.springframework.test.context.cache.DefaultCacheAwareContextLoaderDelegate.loadContextInternal(DefaultCacheAwareContextLoaderDelegate.java:225)
	at org.springframework.test.context.cache.DefaultCacheAwareContextLoaderDelegate.loadContext(DefaultCacheAwareContextLoaderDelegate.java:152)
	at org.springframework.test.context.support.DefaultTestContext.getApplicationContext(DefaultTestContext.java:130)
	at org.springframework.test.context.bean.override.BeanOverrideTestExecutionListener.injectFields(BeanOverrideTestExecutionListener.java:99)
	at org.springframework.test.context.bean.override.BeanOverrideTestExecutionListener.prepareTestInstance(BeanOverrideTestExecutionListener.java:70)
	at org.springframework.test.context.TestContextManager.prepareTestInstance(TestContextManager.java:260)
	at org.springframework.test.context.junit.jupiter.SpringExtension.postProcessTestInstance(SpringExtension.java:159)
	at org.junit.jupiter.engine.descriptor.ClassBasedTestDescriptor.lambda$invokeTestInstancePostProcessors$10(ClassBasedTestDescriptor.java:383)
	at org.junit.jupiter.engine.descriptor.ClassBasedTestDescriptor.executeAndMaskThrowable(ClassBasedTestDescriptor.java:388)
	at org.junit.jupiter.engine.descriptor.ClassBasedTestDescriptor.lambda$invokeTestInstancePostProcessors$11(ClassBasedTestDescriptor.java:382)
	at java.base/java.util.stream.ForEachOps$ForEachOp$OfRef.accept(ForEachOps.java:186)
	at java.base/java.util.stream.ReferencePipeline$3$1.accept(ReferencePipeline.java:214)
	at java.base/java.util.stream.ReferencePipeline$2$1.accept(ReferencePipeline.java:197)
	at java.base/java.util.stream.ReferencePipeline$3$1.accept(ReferencePipeline.java:214)
	at java.base/java.util.ArrayList$ArrayListSpliterator.forEachRemaining(ArrayList.java:1716)
	at java.base/java.util.stream.AbstractPipeline.copyInto(AbstractPipeline.java:570)
	at java.base/java.util.stream.AbstractPipeline.wrapAndCopyInto(AbstractPipeline.java:560)
	at java.base/java.util.stream.ForEachOps$ForEachOp.evaluateSequential(ForEachOps.java:153)
	at java.base/java.util.stream.ForEachOps$ForEachOp$OfRef.evaluateSequential(ForEachOps.java:176)
	at java.base/java.util.stream.AbstractPipeline.evaluate(AbstractPipeline.java:265)
	at java.base/java.util.stream.ReferencePipeline.forEach(ReferencePipeline.java:632)
	at org.junit.jupiter.engine.descriptor.ClassBasedTestDescriptor.invokeTestInstancePostProcessors(ClassBasedTestDescriptor.java:382)
	at org.junit.jupiter.engine.descriptor.ClassBasedTestDescriptor.lambda$instantiateAndPostProcessTestInstance$6(ClassBasedTestDescriptor.java:293)
	at org.junit.platform.engine.support.hierarchical.ThrowableCollector.execute(ThrowableCollector.java:73)
	at org.junit.jupiter.engine.descriptor.ClassBasedTestDescriptor.instantiateAndPostProcessTestInstance(ClassBasedTestDescriptor.java:292)
	at org.junit.jupiter.engine.descriptor.ClassBasedTestDescriptor.lambda$testInstancesProvider$4(ClassBasedTestDescriptor.java:281)
	at java.base/java.util.Optional.orElseGet(Optional.java:364)
	at org.junit.jupiter.engine.descriptor.ClassBasedTestDescriptor.lambda$testInstancesProvider$5(ClassBasedTestDescriptor.java:280)
	at org.junit.jupiter.engine.execution.TestInstancesProvider.getTestInstances(TestInstancesProvider.java:27)
	at org.junit.jupiter.engine.descriptor.TestMethodTestDescriptor.lambda$prepare$0(TestMethodTestDescriptor.java:112)
	at org.junit.platform.engine.support.hierarchical.ThrowableCollector.execute(ThrowableCollector.java:73)
	at org.junit.jupiter.engine.descriptor.TestMethodTestDescriptor.prepare(TestMethodTestDescriptor.java:111)
	at org.junit.jupiter.engine.descriptor.TestMethodTestDescriptor.prepare(TestMethodTestDescriptor.java:69)
	at org.junit.platform.engine.support.hierarchical.NodeTestTask.lambda$prepare$2(NodeTestTask.java:128)
	at org.junit.platform.engine.support.hierarchical.ThrowableCollector.execute(ThrowableCollector.java:73)
	at org.junit.platform.engine.support.hierarchical.NodeTestTask.prepare(NodeTestTask.java:128)
	at org.junit.platform.engine.support.hierarchical.NodeTestTask.execute(NodeTestTask.java:95)
	at java.base/java.util.ArrayList.forEach(ArrayList.java:1604)
	at org.junit.platform.engine.support.hierarchical.SameThreadHierarchicalTestExecutorService.invokeAll(SameThreadHierarchicalTestExecutorService.java:41)
	at org.junit.platform.engine.support.hierarchical.NodeTestTask.lambda$executeRecursively$6(NodeTestTask.java:160)
	at org.junit.platform.engine.support.hierarchical.ThrowableCollector.execute(ThrowableCollector.java:73)
	at org.junit.platform.engine.support.hierarchical.NodeTestTask.lambda$executeRecursively$8(NodeTestTask.java:146)
	at org.junit.platform.engine.support.hierarchical.Node.around(Node.java:137)
	at org.junit.platform.engine.support.hierarchical.NodeTestTask.lambda$executeRecursively$9(NodeTestTask.java:144)
	at org.junit.platform.engine.support.hierarchical.ThrowableCollector.execute(ThrowableCollector.java:73)
	at org.junit.platform.engine.support.hierarchical.NodeTestTask.executeRecursively(NodeTestTask.java:143)
	at org.junit.platform.engine.support.hierarchical.NodeTestTask.execute(NodeTestTask.java:100)
	at java.base/java.util.ArrayList.forEach(ArrayList.java:1604)
	at org.junit.platform.engine.support.hierarchical.SameThreadHierarchicalTestExecutorService.invokeAll(SameThreadHierarchicalTestExecutorService.java:41)
	at org.junit.platform.engine.support.hierarchical.NodeTestTask.lambda$executeRecursively$6(NodeTestTask.java:160)
	at org.junit.platform.engine.support.hierarchical.ThrowableCollector.execute(ThrowableCollector.java:73)
	at org.junit.platform.engine.support.hierarchical.NodeTestTask.lambda$executeRecursively$8(NodeTestTask.java:146)
	at org.junit.platform.engine.support.hierarchical.Node.around(Node.java:137)
	at org.junit.platform.engine.support.hierarchical.NodeTestTask.lambda$executeRecursively$9(NodeTestTask.java:144)
	at org.junit.platform.engine.support.hierarchical.ThrowableCollector.execute(ThrowableCollector.java:73)
	at org.junit.platform.engine.support.hierarchical.NodeTestTask.executeRecursively(NodeTestTask.java:143)
	at org.junit.platform.engine.support.hierarchical.NodeTestTask.execute(NodeTestTask.java:100)
	at org.junit.platform.engine.support.hierarchical.SameThreadHierarchicalTestExecutorService.submit(SameThreadHierarchicalTestExecutorService.java:35)
	at org.junit.platform.engine.support.hierarchical.HierarchicalTestExecutor.execute(HierarchicalTestExecutor.java:57)
	at org.junit.platform.engine.support.hierarchical.HierarchicalTestEngine.execute(HierarchicalTestEngine.java:54)
	at org.junit.platform.launcher.core.EngineExecutionOrchestrator.execute(EngineExecutionOrchestrator.java:201)
	at org.junit.platform.launcher.core.EngineExecutionOrchestrator.execute(EngineExecutionOrchestrator.java:170)
	at org.junit.platform.launcher.core.EngineExecutionOrchestrator.execute(EngineExecutionOrchestrator.java:94)
	at org.junit.platform.launcher.core.EngineExecutionOrchestrator.lambda$execute$0(EngineExecutionOrchestrator.java:59)
	at org.junit.platform.launcher.core.EngineExecutionOrchestrator.withInterceptedStreams(EngineExecutionOrchestrator.java:142)
	at org.junit.platform.launcher.core.EngineExecutionOrchestrator.execute(EngineExecutionOrchestrator.java:58)
	at org.junit.platform.launcher.core.DefaultLauncher.execute(DefaultLauncher.java:103)
	at org.junit.platform.launcher.core.DefaultLauncher.execute(DefaultLauncher.java:85)
	at org.junit.platform.launcher.core.DelegatingLauncher.execute(DelegatingLauncher.java:47)
	at org.junit.platform.launcher.core.InterceptingLauncher.lambda$execute$1(InterceptingLauncher.java:39)
	at org.junit.platform.launcher.core.ClasspathAlignmentCheckingLauncherInterceptor.intercept(ClasspathAlignmentCheckingLauncherInterceptor.java:25)
	at org.junit.platform.launcher.core.InterceptingLauncher.execute(InterceptingLauncher.java:38)
	at org.junit.platform.launcher.core.DelegatingLauncher.execute(DelegatingLauncher.java:47)
	at org.apache.maven.surefire.junitplatform.LauncherAdapter.executeWithoutCancellationToken(LauncherAdapter.java:60)
	at org.apache.maven.surefire.junitplatform.LauncherAdapter.execute(LauncherAdapter.java:52)
	at org.apache.maven.surefire.junitplatform.JUnitPlatformProvider.execute(JUnitPlatformProvider.java:203)
	at org.apache.maven.surefire.junitplatform.JUnitPlatformProvider.invokeAllTests(JUnitPlatformProvider.java:168)
	at org.apache.maven.surefire.junitplatform.JUnitPlatformProvider.invoke(JUnitPlatformProvider.java:136)
	at org.apache.maven.surefire.booter.ForkedBooter.runSuitesInProcess(ForkedBooter.java:385)
	at org.apache.maven.surefire.booter.ForkedBooter.execute(ForkedBooter.java:162)
	at org.apache.maven.surefire.booter.ForkedBooter.run(ForkedBooter.java:507)
	at org.apache.maven.surefire.booter.ForkedBooter.main(ForkedBooter.java:495)
spring.jpa.open-in-view is enabled by default. Therefore, database queries may be performed during view rendering. Explicitly configure spring.jpa.open-in-view to disable this warning
Starting...
BrokerAvailabilityEvent[available=true, SimpleBrokerMessageHandler [org.springframework.messaging.simp.broker.DefaultSubscriptionRegistry@191a73a0]]
Started.
Initializing Servlet 'dispatcherServlet'
Completed initialization in 1 ms
[INFO] Tests run: 3, Failures: 0, Errors: 0, Skipped: 0, Time elapsed: 3.282 s -- in com.awesome.testing.endpoints.EmailControllerTest
[INFO] Running com.awesome.testing.endpoints.users.UpdateChatSystemPromptControllerTest
[INFO] Tests run: 3, Failures: 0, Errors: 0, Skipped: 0, Time elapsed: 1.599 s -- in com.awesome.testing.endpoints.users.UpdateChatSystemPromptControllerTest
[INFO] Running com.awesome.testing.endpoints.users.GetSingleUserControllerTest
[INFO] Tests run: 3, Failures: 0, Errors: 0, Skipped: 0, Time elapsed: 1.116 s -- in com.awesome.testing.endpoints.users.GetSingleUserControllerTest
[INFO] Running com.awesome.testing.endpoints.users.GetToolSystemPromptControllerTest
[INFO] Tests run: 2, Failures: 0, Errors: 0, Skipped: 0, Time elapsed: 1.056 s -- in com.awesome.testing.endpoints.users.GetToolSystemPromptControllerTest
[INFO] Running com.awesome.testing.endpoints.users.RefreshControllerTest
[INFO] Tests run: 3, Failures: 0, Errors: 0, Skipped: 0, Time elapsed: 1.087 s -- in com.awesome.testing.endpoints.users.RefreshControllerTest
[INFO] Running com.awesome.testing.endpoints.users.SignInControllerTest
[INFO] Tests run: 5, Failures: 0, Errors: 0, Skipped: 0, Time elapsed: 3.644 s -- in com.awesome.testing.endpoints.users.SignInControllerTest
[INFO] Running com.awesome.testing.endpoints.users.GetChatSystemPromptControllerTest
[INFO] Tests run: 2, Failures: 0, Errors: 0, Skipped: 0, Time elapsed: 1.054 s -- in com.awesome.testing.endpoints.users.GetChatSystemPromptControllerTest
[INFO] Running com.awesome.testing.endpoints.users.DeleteControllerTest
[INFO] Tests run: 4, Failures: 0, Errors: 0, Skipped: 0, Time elapsed: 1.564 s -- in com.awesome.testing.endpoints.users.DeleteControllerTest
[INFO] Running com.awesome.testing.endpoints.users.UpdateToolSystemPromptControllerTest
[INFO] Tests run: 3, Failures: 0, Errors: 0, Skipped: 0, Time elapsed: 1.606 s -- in com.awesome.testing.endpoints.users.UpdateToolSystemPromptControllerTest
[INFO] Running com.awesome.testing.endpoints.users.MeControllerTest
[INFO] Tests run: 2, Failures: 0, Errors: 0, Skipped: 0, Time elapsed: 1.034 s -- in com.awesome.testing.endpoints.users.MeControllerTest
[INFO] Running com.awesome.testing.endpoints.users.EditUserControllerTest
WebSocketSession[0 current WS(0)-HttpStream(0)-HttpPoll(0), 1 total, 0 closed abnormally (0 connect failure, 0 send limit, 0 transport error)], stompSubProtocol[processed CONNECT(1)-CONNECTED(1)-DISCONNECT(1)], stompBrokerRelay[null], inboundChannel[pool size = 9, active threads = 0, queued tasks = 0, completed tasks = 9], outboundChannel[pool size = 3, active threads = 0, queued tasks = 0, completed tasks = 3], sockJsScheduler[pool size = 12, active threads = 1, queued tasks = 2, completed tasks = 131]
[INFO] Tests run: 7, Failures: 0, Errors: 0, Skipped: 0, Time elapsed: 3.944 s -- in com.awesome.testing.endpoints.users.EditUserControllerTest
[INFO] Running com.awesome.testing.endpoints.users.GetUsersControllerTest
[INFO] Tests run: 2, Failures: 0, Errors: 0, Skipped: 0, Time elapsed: 0.541 s -- in com.awesome.testing.endpoints.users.GetUsersControllerTest
[INFO] Running com.awesome.testing.endpoints.users.SignUpControllerTest
[INFO] Tests run: 5, Failures: 0, Errors: 0, Skipped: 0, Time elapsed: 0.816 s -- in com.awesome.testing.endpoints.users.SignUpControllerTest
[INFO] Running com.awesome.testing.endpoints.users.LogoutControllerTest
[INFO] Tests run: 2, Failures: 0, Errors: 0, Skipped: 0, Time elapsed: 1.339 s -- in com.awesome.testing.endpoints.users.LogoutControllerTest
[INFO] Running com.awesome.testing.endpoints.cart.DeleteCartItemControllerTest
[INFO] Tests run: 3, Failures: 0, Errors: 0, Skipped: 0, Time elapsed: 1.131 s -- in com.awesome.testing.endpoints.cart.DeleteCartItemControllerTest
[INFO] Running com.awesome.testing.endpoints.cart.GetCartControllerTest
[INFO] Tests run: 2, Failures: 0, Errors: 0, Skipped: 0, Time elapsed: 0.636 s -- in com.awesome.testing.endpoints.cart.GetCartControllerTest
[INFO] Running com.awesome.testing.endpoints.cart.DeleteCartControllerTest
WebSocketSession[0 current WS(0)-HttpStream(0)-HttpPoll(0), 0 total, 0 closed abnormally (0 connect failure, 0 send limit, 0 transport error)], stompSubProtocol[processed CONNECT(0)-CONNECTED(0)-DISCONNECT(0)], stompBrokerRelay[null], inboundChannel[pool size = 0, active threads = 0, queued tasks = 0, completed tasks = 0], outboundChannel[pool size = 0, active threads = 0, queued tasks = 0, completed tasks = 0], sockJsScheduler[pool size = 12, active threads = 1, queued tasks = 1, completed tasks = 120]
[INFO] Tests run: 2, Failures: 0, Errors: 0, Skipped: 0, Time elapsed: 0.580 s -- in com.awesome.testing.endpoints.cart.DeleteCartControllerTest
[INFO] Running com.awesome.testing.endpoints.cart.AddToCartControllerTest
[INFO] Tests run: 4, Failures: 0, Errors: 0, Skipped: 0, Time elapsed: 1.642 s -- in com.awesome.testing.endpoints.cart.AddToCartControllerTest
[INFO] Running com.awesome.testing.endpoints.cart.UpdateCartItemControllerTest
WebSocketSession[0 current WS(0)-HttpStream(0)-HttpPoll(0), 0 total, 0 closed abnormally (0 connect failure, 0 send limit, 0 transport error)], stompSubProtocol[processed CONNECT(0)-CONNECTED(0)-DISCONNECT(0)], stompBrokerRelay[null], inboundChannel[pool size = 0, active threads = 0, queued tasks = 0, completed tasks = 0], outboundChannel[pool size = 0, active threads = 0, queued tasks = 0, completed tasks = 0], sockJsScheduler[pool size = 12, active threads = 1, queued tasks = 1, completed tasks = 120]
[INFO] Tests run: 5, Failures: 0, Errors: 0, Skipped: 0, Time elapsed: 2.188 s -- in com.awesome.testing.endpoints.cart.UpdateCartItemControllerTest
[INFO] Running com.awesome.testing.endpoints.ollama.OllamaChatControllerTest
Standard Commons Logging discovery in action with spring-jcl: please remove commons-logging.jar from classpath in order to avoid potential conflicts
HHH90000025: H2Dialect does not need to be specified explicitly using 'hibernate.dialect' (remove the property setting and it will be selected by default)
Global AuthenticationManager configured with UserDetailsService bean with name myUserDetails
AMQ224104: Error starting the Acceptor invm {serverId=0}
AMQ224000: Failure in initialisation
java.lang.IllegalArgumentException: AMQ229062: Acceptor with id 0 already registered
	at org.apache.activemq.artemis.core.remoting.impl.invm.InVMRegistry.registerAcceptor(InVMRegistry.java:32)
	at org.apache.activemq.artemis.core.remoting.impl.invm.InVMAcceptor.start(InVMAcceptor.java:137)
	at org.apache.activemq.artemis.core.remoting.server.impl.RemotingServiceImpl.startAcceptors(RemotingServiceImpl.java:309)
	at org.apache.activemq.artemis.core.server.impl.ActiveMQServerImpl.completeActivation(ActiveMQServerImpl.java:3654)
	at org.apache.activemq.artemis.core.server.impl.PrimaryOnlyActivation.run(PrimaryOnlyActivation.java:80)
	at org.apache.activemq.artemis.core.server.impl.ActiveMQServerImpl.internalStart(ActiveMQServerImpl.java:743)
	at org.apache.activemq.artemis.core.server.impl.ActiveMQServerImpl.start(ActiveMQServerImpl.java:633)
	at org.apache.activemq.artemis.core.server.embedded.EmbeddedActiveMQ.start(EmbeddedActiveMQ.java:124)
	at java.base/jdk.internal.reflect.DirectMethodHandleAccessor.invoke(DirectMethodHandleAccessor.java:104)
	at java.base/java.lang.reflect.Method.invoke(Method.java:565)
	at org.springframework.beans.factory.support.AbstractAutowireCapableBeanFactory.invokeCustomInitMethod(AbstractAutowireCapableBeanFactory.java:1930)
	at org.springframework.beans.factory.support.AbstractAutowireCapableBeanFactory.invokeInitMethods(AbstractAutowireCapableBeanFactory.java:1883)
	at org.springframework.beans.factory.support.AbstractAutowireCapableBeanFactory.initializeBean(AbstractAutowireCapableBeanFactory.java:1822)
	at org.springframework.beans.factory.support.AbstractAutowireCapableBeanFactory.doCreateBean(AbstractAutowireCapableBeanFactory.java:607)
	at org.springframework.beans.factory.support.AbstractAutowireCapableBeanFactory.createBean(AbstractAutowireCapableBeanFactory.java:529)
	at org.springframework.beans.factory.support.AbstractBeanFactory.lambda$doGetBean$0(AbstractBeanFactory.java:339)
	at org.springframework.beans.factory.support.DefaultSingletonBeanRegistry.getSingleton(DefaultSingletonBeanRegistry.java:373)
	at org.springframework.beans.factory.support.AbstractBeanFactory.doGetBean(AbstractBeanFactory.java:337)
	at org.springframework.beans.factory.support.AbstractBeanFactory.getBean(AbstractBeanFactory.java:202)
	at org.springframework.beans.factory.support.DefaultListableBeanFactory.instantiateSingleton(DefaultListableBeanFactory.java:1228)
	at org.springframework.beans.factory.support.DefaultListableBeanFactory.preInstantiateSingleton(DefaultListableBeanFactory.java:1194)
	at org.springframework.beans.factory.support.DefaultListableBeanFactory.preInstantiateSingletons(DefaultListableBeanFactory.java:1130)
	at org.springframework.context.support.AbstractApplicationContext.finishBeanFactoryInitialization(AbstractApplicationContext.java:990)
	at org.springframework.context.support.AbstractApplicationContext.refresh(AbstractApplicationContext.java:627)
	at org.springframework.boot.web.servlet.context.ServletWebServerApplicationContext.refresh(ServletWebServerApplicationContext.java:146)
	at org.springframework.boot.SpringApplication.refresh(SpringApplication.java:752)
	at org.springframework.boot.SpringApplication.refreshContext(SpringApplication.java:439)
	at org.springframework.boot.SpringApplication.run(SpringApplication.java:318)
	at org.springframework.boot.test.context.SpringBootContextLoader.lambda$loadContext$3(SpringBootContextLoader.java:144)
	at org.springframework.util.function.ThrowingSupplier.get(ThrowingSupplier.java:58)
	at org.springframework.util.function.ThrowingSupplier.get(ThrowingSupplier.java:46)
	at org.springframework.boot.SpringApplication.withHook(SpringApplication.java:1461)
	at org.springframework.boot.test.context.SpringBootContextLoader$ContextLoaderHook.run(SpringBootContextLoader.java:563)
	at org.springframework.boot.test.context.SpringBootContextLoader.loadContext(SpringBootContextLoader.java:144)
	at org.springframework.boot.test.context.SpringBootContextLoader.loadContext(SpringBootContextLoader.java:110)
	at org.springframework.test.context.cache.DefaultCacheAwareContextLoaderDelegate.loadContextInternal(DefaultCacheAwareContextLoaderDelegate.java:225)
	at org.springframework.test.context.cache.DefaultCacheAwareContextLoaderDelegate.loadContext(DefaultCacheAwareContextLoaderDelegate.java:152)
	at org.springframework.test.context.support.DefaultTestContext.getApplicationContext(DefaultTestContext.java:130)
	at org.springframework.test.context.support.DependencyInjectionTestExecutionListener.injectDependencies(DependencyInjectionTestExecutionListener.java:155)
	at org.springframework.test.context.support.DependencyInjectionTestExecutionListener.prepareTestInstance(DependencyInjectionTestExecutionListener.java:111)
	at org.springframework.test.context.TestContextManager.prepareTestInstance(TestContextManager.java:260)
	at org.springframework.test.context.junit.jupiter.SpringExtension.postProcessTestInstance(SpringExtension.java:159)
	at org.junit.jupiter.engine.descriptor.ClassBasedTestDescriptor.lambda$invokeTestInstancePostProcessors$10(ClassBasedTestDescriptor.java:383)
	at org.junit.jupiter.engine.descriptor.ClassBasedTestDescriptor.executeAndMaskThrowable(ClassBasedTestDescriptor.java:388)
	at org.junit.jupiter.engine.descriptor.ClassBasedTestDescriptor.lambda$invokeTestInstancePostProcessors$11(ClassBasedTestDescriptor.java:382)
	at java.base/java.util.stream.ForEachOps$ForEachOp$OfRef.accept(ForEachOps.java:186)
	at java.base/java.util.stream.ReferencePipeline$3$1.accept(ReferencePipeline.java:214)
	at java.base/java.util.stream.ReferencePipeline$2$1.accept(ReferencePipeline.java:197)
	at java.base/java.util.stream.ReferencePipeline$3$1.accept(ReferencePipeline.java:214)
	at java.base/java.util.ArrayList$ArrayListSpliterator.forEachRemaining(ArrayList.java:1716)
	at java.base/java.util.stream.AbstractPipeline.copyInto(AbstractPipeline.java:570)
	at java.base/java.util.stream.AbstractPipeline.wrapAndCopyInto(AbstractPipeline.java:560)
	at java.base/java.util.stream.ForEachOps$ForEachOp.evaluateSequential(ForEachOps.java:153)
	at java.base/java.util.stream.ForEachOps$ForEachOp$OfRef.evaluateSequential(ForEachOps.java:176)
	at java.base/java.util.stream.AbstractPipeline.evaluate(AbstractPipeline.java:265)
	at java.base/java.util.stream.ReferencePipeline.forEach(ReferencePipeline.java:632)
	at org.junit.jupiter.engine.descriptor.ClassBasedTestDescriptor.invokeTestInstancePostProcessors(ClassBasedTestDescriptor.java:382)
	at org.junit.jupiter.engine.descriptor.ClassBasedTestDescriptor.lambda$instantiateAndPostProcessTestInstance$6(ClassBasedTestDescriptor.java:293)
	at org.junit.platform.engine.support.hierarchical.ThrowableCollector.execute(ThrowableCollector.java:73)
	at org.junit.jupiter.engine.descriptor.ClassBasedTestDescriptor.instantiateAndPostProcessTestInstance(ClassBasedTestDescriptor.java:292)
	at org.junit.jupiter.engine.descriptor.ClassBasedTestDescriptor.lambda$testInstancesProvider$4(ClassBasedTestDescriptor.java:281)
	at java.base/java.util.Optional.orElseGet(Optional.java:364)
	at org.junit.jupiter.engine.descriptor.ClassBasedTestDescriptor.lambda$testInstancesProvider$5(ClassBasedTestDescriptor.java:280)
	at org.junit.jupiter.engine.execution.TestInstancesProvider.getTestInstances(TestInstancesProvider.java:27)
	at org.junit.jupiter.engine.descriptor.TestMethodTestDescriptor.lambda$prepare$0(TestMethodTestDescriptor.java:112)
	at org.junit.platform.engine.support.hierarchical.ThrowableCollector.execute(ThrowableCollector.java:73)
	at org.junit.jupiter.engine.descriptor.TestMethodTestDescriptor.prepare(TestMethodTestDescriptor.java:111)
	at org.junit.jupiter.engine.descriptor.TestMethodTestDescriptor.prepare(TestMethodTestDescriptor.java:69)
	at org.junit.platform.engine.support.hierarchical.NodeTestTask.lambda$prepare$2(NodeTestTask.java:128)
	at org.junit.platform.engine.support.hierarchical.ThrowableCollector.execute(ThrowableCollector.java:73)
	at org.junit.platform.engine.support.hierarchical.NodeTestTask.prepare(NodeTestTask.java:128)
	at org.junit.platform.engine.support.hierarchical.NodeTestTask.execute(NodeTestTask.java:95)
	at java.base/java.util.ArrayList.forEach(ArrayList.java:1604)
	at org.junit.platform.engine.support.hierarchical.SameThreadHierarchicalTestExecutorService.invokeAll(SameThreadHierarchicalTestExecutorService.java:41)
	at org.junit.platform.engine.support.hierarchical.NodeTestTask.lambda$executeRecursively$6(NodeTestTask.java:160)
	at org.junit.platform.engine.support.hierarchical.ThrowableCollector.execute(ThrowableCollector.java:73)
	at org.junit.platform.engine.support.hierarchical.NodeTestTask.lambda$executeRecursively$8(NodeTestTask.java:146)
	at org.junit.platform.engine.support.hierarchical.Node.around(Node.java:137)
	at org.junit.platform.engine.support.hierarchical.NodeTestTask.lambda$executeRecursively$9(NodeTestTask.java:144)
	at org.junit.platform.engine.support.hierarchical.ThrowableCollector.execute(ThrowableCollector.java:73)
	at org.junit.platform.engine.support.hierarchical.NodeTestTask.executeRecursively(NodeTestTask.java:143)
	at org.junit.platform.engine.support.hierarchical.NodeTestTask.execute(NodeTestTask.java:100)
	at java.base/java.util.ArrayList.forEach(ArrayList.java:1604)
	at org.junit.platform.engine.support.hierarchical.SameThreadHierarchicalTestExecutorService.invokeAll(SameThreadHierarchicalTestExecutorService.java:41)
	at org.junit.platform.engine.support.hierarchical.NodeTestTask.lambda$executeRecursively$6(NodeTestTask.java:160)
	at org.junit.platform.engine.support.hierarchical.ThrowableCollector.execute(ThrowableCollector.java:73)
	at org.junit.platform.engine.support.hierarchical.NodeTestTask.lambda$executeRecursively$8(NodeTestTask.java:146)
	at org.junit.platform.engine.support.hierarchical.Node.around(Node.java:137)
	at org.junit.platform.engine.support.hierarchical.NodeTestTask.lambda$executeRecursively$9(NodeTestTask.java:144)
	at org.junit.platform.engine.support.hierarchical.ThrowableCollector.execute(ThrowableCollector.java:73)
	at org.junit.platform.engine.support.hierarchical.NodeTestTask.executeRecursively(NodeTestTask.java:143)
	at org.junit.platform.engine.support.hierarchical.NodeTestTask.execute(NodeTestTask.java:100)
	at org.junit.platform.engine.support.hierarchical.SameThreadHierarchicalTestExecutorService.submit(SameThreadHierarchicalTestExecutorService.java:35)
	at org.junit.platform.engine.support.hierarchical.HierarchicalTestExecutor.execute(HierarchicalTestExecutor.java:57)
	at org.junit.platform.engine.support.hierarchical.HierarchicalTestEngine.execute(HierarchicalTestEngine.java:54)
	at org.junit.platform.launcher.core.EngineExecutionOrchestrator.execute(EngineExecutionOrchestrator.java:201)
	at org.junit.platform.launcher.core.EngineExecutionOrchestrator.execute(EngineExecutionOrchestrator.java:170)
	at org.junit.platform.launcher.core.EngineExecutionOrchestrator.execute(EngineExecutionOrchestrator.java:94)
	at org.junit.platform.launcher.core.EngineExecutionOrchestrator.lambda$execute$0(EngineExecutionOrchestrator.java:59)
	at org.junit.platform.launcher.core.EngineExecutionOrchestrator.withInterceptedStreams(EngineExecutionOrchestrator.java:142)
	at org.junit.platform.launcher.core.EngineExecutionOrchestrator.execute(EngineExecutionOrchestrator.java:58)
	at org.junit.platform.launcher.core.DefaultLauncher.execute(DefaultLauncher.java:103)
	at org.junit.platform.launcher.core.DefaultLauncher.execute(DefaultLauncher.java:85)
	at org.junit.platform.launcher.core.DelegatingLauncher.execute(DelegatingLauncher.java:47)
	at org.junit.platform.launcher.core.InterceptingLauncher.lambda$execute$1(InterceptingLauncher.java:39)
	at org.junit.platform.launcher.core.ClasspathAlignmentCheckingLauncherInterceptor.intercept(ClasspathAlignmentCheckingLauncherInterceptor.java:25)
	at org.junit.platform.launcher.core.InterceptingLauncher.execute(InterceptingLauncher.java:38)
	at org.junit.platform.launcher.core.DelegatingLauncher.execute(DelegatingLauncher.java:47)
	at org.apache.maven.surefire.junitplatform.LauncherAdapter.executeWithoutCancellationToken(LauncherAdapter.java:60)
	at org.apache.maven.surefire.junitplatform.LauncherAdapter.execute(LauncherAdapter.java:52)
	at org.apache.maven.surefire.junitplatform.JUnitPlatformProvider.execute(JUnitPlatformProvider.java:203)
	at org.apache.maven.surefire.junitplatform.JUnitPlatformProvider.invokeAllTests(JUnitPlatformProvider.java:168)
	at org.apache.maven.surefire.junitplatform.JUnitPlatformProvider.invoke(JUnitPlatformProvider.java:136)
	at org.apache.maven.surefire.booter.ForkedBooter.runSuitesInProcess(ForkedBooter.java:385)
	at org.apache.maven.surefire.booter.ForkedBooter.execute(ForkedBooter.java:162)
	at org.apache.maven.surefire.booter.ForkedBooter.run(ForkedBooter.java:507)
	at org.apache.maven.surefire.booter.ForkedBooter.main(ForkedBooter.java:495)
spring.jpa.open-in-view is enabled by default. Therefore, database queries may be performed during view rendering. Explicitly configure spring.jpa.open-in-view to disable this warning
Starting...
BrokerAvailabilityEvent[available=true, SimpleBrokerMessageHandler [org.springframework.messaging.simp.broker.DefaultSubscriptionRegistry@3eab4afc]]
Started.
Initializing Servlet 'dispatcherServlet'
Completed initialization in 1 ms
Error during chat for model qwen3:4b-instruct: 404 Not Found from POST http://localhost:11855/api/chat
!!!
Performing asynchronous handling through the default Spring MVC SimpleAsyncTaskExecutor.
This executor is not suitable for production use under load.
Please, configure an AsyncTaskExecutor through the WebMvc config.
-------------------------------
!!!
Error during chat for model qwen3:4b-instruct: 500 Internal Server Error from POST http://localhost:11855/api/chat
[INFO] Tests run: 9, Failures: 0, Errors: 0, Skipped: 0, Time elapsed: 9.664 s -- in com.awesome.testing.endpoints.ollama.OllamaChatControllerTest
[INFO] Running com.awesome.testing.endpoints.ollama.OllamaGenerateControllerTest
Error during generate-text for model qwen3:4b-instruct: 500 Internal Server Error from POST http://localhost:11855/api/generate
Error during generate-text for model qwen3:4b-instruct: 404 Not Found from POST http://localhost:11855/api/generate
[INFO] Tests run: 7, Failures: 0, Errors: 0, Skipped: 0, Time elapsed: 3.416 s -- in com.awesome.testing.endpoints.ollama.OllamaGenerateControllerTest
[INFO] Running com.awesome.testing.endpoints.conversation.ConversationControllerTest
[INFO] Tests run: 2, Failures: 0, Errors: 0, Skipped: 0, Time elapsed: 1.247 s -- in com.awesome.testing.endpoints.conversation.ConversationControllerTest
[INFO] Running com.awesome.testing.config.PrettyPrintingHttpLogFormatterTest
[INFO] Tests run: 5, Failures: 0, Errors: 0, Skipped: 0, Time elapsed: 0.505 s -- in com.awesome.testing.config.PrettyPrintingHttpLogFormatterTest
[INFO] Running com.awesome.testing.config.DockerisedConfigTest
[INFO] Tests run: 2, Failures: 0, Errors: 0, Skipped: 0, Time elapsed: 0.151 s -- in com.awesome.testing.config.DockerisedConfigTest
[INFO] Running com.awesome.testing.config.OllamaPropertiesTest
[INFO] Tests run: 2, Failures: 0, Errors: 0, Skipped: 0, Time elapsed: 0.024 s -- in com.awesome.testing.config.OllamaPropertiesTest
[INFO] Running com.awesome.testing.config.LocalConfigTest
[INFO] Tests run: 3, Failures: 0, Errors: 0, Skipped: 0, Time elapsed: 0.111 s -- in com.awesome.testing.config.LocalConfigTest
[INFO] Running com.awesome.testing.config.ConfigurationBeansTest
[INFO] Tests run: 3, Failures: 0, Errors: 0, Skipped: 0, Time elapsed: 0.015 s -- in com.awesome.testing.config.ConfigurationBeansTest
[INFO] Running com.awesome.testing.security.JwtTokenFilterTest
[INFO] Tests run: 4, Failures: 0, Errors: 0, Skipped: 0, Time elapsed: 0.129 s -- in com.awesome.testing.security.JwtTokenFilterTest
[INFO] Running com.awesome.testing.security.JwtTokenProviderTest
[INFO] Tests run: 3, Failures: 0, Errors: 0, Skipped: 0, Time elapsed: 0.115 s -- in com.awesome.testing.security.JwtTokenProviderTest
[INFO] Running com.awesome.testing.security.AuthenticationHandlerTest
[INFO] Tests run: 3, Failures: 0, Errors: 0, Skipped: 0, Time elapsed: 0.116 s -- in com.awesome.testing.security.AuthenticationHandlerTest
[INFO] Running com.awesome.testing.security.WebSecurityConfigTest
HHH90000025: H2Dialect does not need to be specified explicitly using 'hibernate.dialect' (remove the property setting and it will be selected by default)
Global AuthenticationManager configured with UserDetailsService bean with name myUserDetails
spring.jpa.open-in-view is enabled by default. Therefore, database queries may be performed during view rendering. Explicitly configure spring.jpa.open-in-view to disable this warning
Starting...
BrokerAvailabilityEvent[available=true, SimpleBrokerMessageHandler [org.springframework.messaging.simp.broker.DefaultSubscriptionRegistry@68ab411e]]
Started.
[INFO] Tests run: 2, Failures: 0, Errors: 0, Skipped: 0, Time elapsed: 1.483 s -- in com.awesome.testing.security.WebSecurityConfigTest
[INFO] Running com.awesome.testing.utils.ErrorResponseDefinitionTest
[INFO] Tests run: 1, Failures: 0, Errors: 0, Skipped: 0, Time elapsed: 0.001 s -- in com.awesome.testing.utils.ErrorResponseDefinitionTest
[INFO] Running com.awesome.testing.qr.QrGeneratorTest
[INFO] Tests run: 1, Failures: 0, Errors: 0, Skipped: 0, Time elapsed: 0.059 s -- in com.awesome.testing.qr.QrGeneratorTest
[INFO] Running com.awesome.testing.controller.exception.OllamaExceptionHandlerTest
[INFO] Tests run: 3, Failures: 0, Errors: 0, Skipped: 0, Time elapsed: 0.257 s -- in com.awesome.testing.controller.exception.OllamaExceptionHandlerTest
[INFO] Running com.awesome.testing.controller.exception.CartExceptionHandlerTest
[INFO] Tests run: 2, Failures: 0, Errors: 0, Skipped: 0, Time elapsed: 0.003 s -- in com.awesome.testing.controller.exception.CartExceptionHandlerTest
[INFO] Running com.awesome.testing.controller.exception.GlobalExceptionHandlerControllerTest
[INFO] Tests run: 7, Failures: 0, Errors: 0, Skipped: 0, Time elapsed: 0.010 s -- in com.awesome.testing.controller.exception.GlobalExceptionHandlerControllerTest
[INFO] Running com.awesome.testing.controller.exception.UserExceptionHandlerTest
[INFO] Tests run: 1, Failures: 0, Errors: 0, Skipped: 0, Time elapsed: 0.001 s -- in com.awesome.testing.controller.exception.UserExceptionHandlerTest
[INFO] Running com.awesome.testing.service.token.RefreshTokenServiceTest
[INFO] Tests run: 6, Failures: 0, Errors: 0, Skipped: 0, Time elapsed: 0.166 s -- in com.awesome.testing.service.token.RefreshTokenServiceTest
[INFO] Running com.awesome.testing.service.ProductServiceTest
[INFO] Tests run: 10, Failures: 0, Errors: 0, Skipped: 0, Time elapsed: 0.165 s -- in com.awesome.testing.service.ProductServiceTest
[INFO] Running com.awesome.testing.service.password.PasswordResetServiceTest
[INFO] Tests run: 4, Failures: 0, Errors: 0, Skipped: 0, Time elapsed: 0.965 s -- in com.awesome.testing.service.password.PasswordResetServiceTest
[INFO] Running com.awesome.testing.service.EmailServiceTest
[INFO] Tests run: 1, Failures: 0, Errors: 0, Skipped: 0, Time elapsed: 0.136 s -- in com.awesome.testing.service.EmailServiceTest
[INFO] Running com.awesome.testing.service.CartServiceTest
[INFO] Tests run: 9, Failures: 0, Errors: 0, Skipped: 0, Time elapsed: 0.138 s -- in com.awesome.testing.service.CartServiceTest
[INFO] Running com.awesome.testing.service.prompt.PromptInjectorTest
[INFO] Tests run: 3, Failures: 0, Errors: 0, Skipped: 0, Time elapsed: 0.006 s -- in com.awesome.testing.service.prompt.PromptInjectorTest
[INFO] Running com.awesome.testing.service.UserServiceTest
[INFO] Tests run: 18, Failures: 0, Errors: 0, Skipped: 0, Time elapsed: 0.143 s -- in com.awesome.testing.service.UserServiceTest
[INFO] Running com.awesome.testing.service.OrderServiceTest
[INFO] Tests run: 9, Failures: 0, Errors: 0, Skipped: 0, Time elapsed: 0.144 s -- in com.awesome.testing.service.OrderServiceTest
[INFO] Running com.awesome.testing.service.ConversationHistoryServiceTest
[INFO] Tests run: 5, Failures: 0, Errors: 0, Skipped: 0, Time elapsed: 0.255 s -- in com.awesome.testing.service.ConversationHistoryServiceTest
[INFO] Running com.awesome.testing.service.ollama.OllamaServiceTest
Error during chat for model : Model not found
Error during generate-text for model : Model not found
[INFO] Tests run: 8, Failures: 0, Errors: 0, Skipped: 0, Time elapsed: 0.447 s -- in com.awesome.testing.service.ollama.OllamaServiceTest
[INFO] Running com.awesome.testing.service.ollama.function.ProductCatalogFunctionHandlerTest
[INFO] Tests run: 1, Failures: 0, Errors: 0, Skipped: 0, Time elapsed: 0.116 s -- in com.awesome.testing.service.ollama.function.ProductCatalogFunctionHandlerTest
[INFO] Running com.awesome.testing.service.ollama.function.ProductSnapshotFunctionHandlerTest
Product lookup failed: missing
Invalid arguments for get_product_snapshot: productId must be a number
[INFO] Tests run: 4, Failures: 0, Errors: 0, Skipped: 0, Time elapsed: 0.021 s -- in com.awesome.testing.service.ollama.function.ProductSnapshotFunctionHandlerTest
[INFO] Running com.awesome.testing.service.ollama.function.OllamaToolRegistryTest
[INFO] Tests run: 2, Failures: 0, Errors: 0, Skipped: 0, Time elapsed: 0.111 s -- in com.awesome.testing.service.ollama.function.OllamaToolRegistryTest
[INFO] Running com.awesome.testing.service.ollama.OllamaFunctionCallingServiceTest
Error during chat-tools for model qwen3:4b-instruct: Ollama connection failed
Iteration 1: Ollama returned no chunks, completing stream
[INFO] Tests run: 9, Failures: 0, Errors: 0, Skipped: 0, Time elapsed: 0.973 s -- in com.awesome.testing.service.ollama.OllamaFunctionCallingServiceTest
[INFO] Running com.awesome.testing.service.delay.RandomDelayGeneratorTest
[INFO] Tests run: 1, Failures: 0, Errors: 0, Skipped: 0, Time elapsed: 0.005 s -- in com.awesome.testing.service.delay.RandomDelayGeneratorTest
[INFO] 
[INFO] Results:
[INFO] 
[INFO] Tests run: 294, Failures: 0, Errors: 0, Skipped: 0
[INFO] 
[INFO] 
[INFO] >>> maven-pmd-plugin:3.21.0:check (default-cli) > :pmd @ jwt-auth-service >>>
[INFO] 
[INFO] --- maven-pmd-plugin:3.21.0:pmd (pmd) @ jwt-auth-service ---
[INFO] PMD version: 6.55.0
[WARNING] There are 151 PMD processing errors:
[WARNING] /Users/admin/IdeaProjects/test-secure-backend/src/main/java/com/awesome/testing/config/properties/PasswordResetProperties.java: PMDException: Error while processing /Users/admin/IdeaProjects/test-secure-backend/src/main/java/com/awesome/testing/config/properties/PasswordResetProperties.java
/Users/admin/IdeaProjects/test-secure-backend/src/main/java/com/awesome/testing/config/SwaggerConfig.java: PMDException: Error while processing /Users/admin/IdeaProjects/test-secure-backend/src/main/java/com/awesome/testing/config/SwaggerConfig.java
/Users/admin/IdeaProjects/test-secure-backend/src/main/java/com/awesome/testing/config/OllamaConfig.java: PMDException: Error while processing /Users/admin/IdeaProjects/test-secure-backend/src/main/java/com/awesome/testing/config/OllamaConfig.java
/Users/admin/IdeaProjects/test-secure-backend/src/main/java/com/awesome/testing/config/LogbookConfig.java: PMDException: Error while processing /Users/admin/IdeaProjects/test-secure-backend/src/main/java/com/awesome/testing/config/LogbookConfig.java
/Users/admin/IdeaProjects/test-secure-backend/src/main/java/com/awesome/testing/config/OllamaProperties.java: PMDException: Error while processing /Users/admin/IdeaProjects/test-secure-backend/src/main/java/com/awesome/testing/config/OllamaProperties.java
/Users/admin/IdeaProjects/test-secure-backend/src/main/java/com/awesome/testing/JwtAuthServiceApp.java: PMDException: Error while processing /Users/admin/IdeaProjects/test-secure-backend/src/main/java/com/awesome/testing/JwtAuthServiceApp.java
/Users/admin/IdeaProjects/test-secure-backend/src/main/java/com/awesome/testing/config/LocalConfig.java: PMDException: Error while processing /Users/admin/IdeaProjects/test-secure-backend/src/main/java/com/awesome/testing/config/LocalConfig.java
/Users/admin/IdeaProjects/test-secure-backend/src/main/java/com/awesome/testing/config/DockerisedConfig.java: PMDException: Error while processing /Users/admin/IdeaProjects/test-secure-backend/src/main/java/com/awesome/testing/config/DockerisedConfig.java
/Users/admin/IdeaProjects/test-secure-backend/src/main/java/com/awesome/testing/controller/EmailController.java: PMDException: Error while processing /Users/admin/IdeaProjects/test-secure-backend/src/main/java/com/awesome/testing/controller/EmailController.java
/Users/admin/IdeaProjects/test-secure-backend/src/main/java/com/awesome/testing/controller/OllamaController.java: PMDException: Error while processing /Users/admin/IdeaProjects/test-secure-backend/src/main/java/com/awesome/testing/controller/OllamaController.java
/Users/admin/IdeaProjects/test-secure-backend/src/main/java/com/awesome/testing/controller/ConversationController.java: PMDException: Error while processing /Users/admin/IdeaProjects/test-secure-backend/src/main/java/com/awesome/testing/controller/ConversationController.java
/Users/admin/IdeaProjects/test-secure-backend/src/main/java/com/awesome/testing/controller/TrafficController.java: PMDException: Error while processing /Users/admin/IdeaProjects/test-secure-backend/src/main/java/com/awesome/testing/controller/TrafficController.java
/Users/admin/IdeaProjects/test-secure-backend/src/main/java/com/awesome/testing/controller/exception/CartExceptionHandler.java: PMDException: Error while processing /Users/admin/IdeaProjects/test-secure-backend/src/main/java/com/awesome/testing/controller/exception/CartExceptionHandler.java
/Users/admin/IdeaProjects/test-secure-backend/src/main/java/com/awesome/testing/controller/OllamaExceptionHandler.java: PMDException: Error while processing /Users/admin/IdeaProjects/test-secure-backend/src/main/java/com/awesome/testing/controller/OllamaExceptionHandler.java
/Users/admin/IdeaProjects/test-secure-backend/src/main/java/com/awesome/testing/controller/exception/CartItemNotFoundException.java: PMDException: Error while processing /Users/admin/IdeaProjects/test-secure-backend/src/main/java/com/awesome/testing/controller/exception/CartItemNotFoundException.java
/Users/admin/IdeaProjects/test-secure-backend/src/main/java/com/awesome/testing/controller/exception/CustomException.java: PMDException: Error while processing /Users/admin/IdeaProjects/test-secure-backend/src/main/java/com/awesome/testing/controller/exception/CustomException.java
/Users/admin/IdeaProjects/test-secure-backend/src/main/java/com/awesome/testing/controller/email/LocalEmailOutboxController.java: PMDException: Error while processing /Users/admin/IdeaProjects/test-secure-backend/src/main/java/com/awesome/testing/controller/email/LocalEmailOutboxController.java
/Users/admin/IdeaProjects/test-secure-backend/src/main/java/com/awesome/testing/controller/cart/CartController.java: PMDException: Error while processing /Users/admin/IdeaProjects/test-secure-backend/src/main/java/com/awesome/testing/controller/cart/CartController.java
/Users/admin/IdeaProjects/test-secure-backend/src/main/java/com/awesome/testing/controller/QrController.java: PMDException: Error while processing /Users/admin/IdeaProjects/test-secure-backend/src/main/java/com/awesome/testing/controller/QrController.java
/Users/admin/IdeaProjects/test-secure-backend/src/main/java/com/awesome/testing/config/PrettyPrintingHttpLogFormatter.java: PMDException: Error while processing /Users/admin/IdeaProjects/test-secure-backend/src/main/java/com/awesome/testing/config/PrettyPrintingHttpLogFormatter.java
/Users/admin/IdeaProjects/test-secure-backend/src/main/java/com/awesome/testing/controller/exception/ProductNotFoundException.java: PMDException: Error while processing /Users/admin/IdeaProjects/test-secure-backend/src/main/java/com/awesome/testing/controller/exception/ProductNotFoundException.java
/Users/admin/IdeaProjects/test-secure-backend/src/main/java/com/awesome/testing/controller/exception/UserNotFoundException.java: PMDException: Error while processing /Users/admin/IdeaProjects/test-secure-backend/src/main/java/com/awesome/testing/controller/exception/UserNotFoundException.java
/Users/admin/IdeaProjects/test-secure-backend/src/main/java/com/awesome/testing/controller/exception/UserExceptionHandler.java: PMDException: Error while processing /Users/admin/IdeaProjects/test-secure-backend/src/main/java/com/awesome/testing/controller/exception/UserExceptionHandler.java
/Users/admin/IdeaProjects/test-secure-backend/src/main/java/com/awesome/testing/controller/users/UserDeleteController.java: PMDException: Error while processing /Users/admin/IdeaProjects/test-secure-backend/src/main/java/com/awesome/testing/controller/users/UserDeleteController.java
/Users/admin/IdeaProjects/test-secure-backend/src/main/java/com/awesome/testing/controller/users/PasswordResetController.java: PMDException: Error while processing /Users/admin/IdeaProjects/test-secure-backend/src/main/java/com/awesome/testing/controller/users/PasswordResetController.java
/Users/admin/IdeaProjects/test-secure-backend/src/main/java/com/awesome/testing/controller/users/UserGetUsersController.java: PMDException: Error while processing /Users/admin/IdeaProjects/test-secure-backend/src/main/java/com/awesome/testing/controller/users/UserGetUsersController.java
/Users/admin/IdeaProjects/test-secure-backend/src/main/java/com/awesome/testing/controller/users/UserEditController.java: PMDException: Error while processing /Users/admin/IdeaProjects/test-secure-backend/src/main/java/com/awesome/testing/controller/users/UserEditController.java
/Users/admin/IdeaProjects/test-secure-backend/src/main/java/com/awesome/testing/controller/users/UserGetSingleUserController.java: PMDException: Error while processing /Users/admin/IdeaProjects/test-secure-backend/src/main/java/com/awesome/testing/controller/users/UserGetSingleUserController.java
/Users/admin/IdeaProjects/test-secure-backend/src/main/java/com/awesome/testing/controller/cart/CartItemsController.java: PMDException: Error while processing /Users/admin/IdeaProjects/test-secure-backend/src/main/java/com/awesome/testing/controller/cart/CartItemsController.java
/Users/admin/IdeaProjects/test-secure-backend/src/main/java/com/awesome/testing/dto/ErrorDto.java: PMDException: Error while processing /Users/admin/IdeaProjects/test-secure-backend/src/main/java/com/awesome/testing/dto/ErrorDto.java
/Users/admin/IdeaProjects/test-secure-backend/src/main/java/com/awesome/testing/controller/ProductController.java: PMDException: Error while processing /Users/admin/IdeaProjects/test-secure-backend/src/main/java/com/awesome/testing/controller/ProductController.java
/Users/admin/IdeaProjects/test-secure-backend/src/main/java/com/awesome/testing/dto/cart/CartItemDto.java: PMDException: Error while processing /Users/admin/IdeaProjects/test-secure-backend/src/main/java/com/awesome/testing/dto/cart/CartItemDto.java
/Users/admin/IdeaProjects/test-secure-backend/src/main/java/com/awesome/testing/dto/cart/CartDto.java: PMDException: Error while processing /Users/admin/IdeaProjects/test-secure-backend/src/main/java/com/awesome/testing/dto/cart/CartDto.java
/Users/admin/IdeaProjects/test-secure-backend/src/main/java/com/awesome/testing/controller/users/UserRefreshController.java: PMDException: Error while processing /Users/admin/IdeaProjects/test-secure-backend/src/main/java/com/awesome/testing/controller/users/UserRefreshController.java
/Users/admin/IdeaProjects/test-secure-backend/src/main/java/com/awesome/testing/dto/conversation/ConversationDetailDto.java: PMDException: Error while processing /Users/admin/IdeaProjects/test-secure-backend/src/main/java/com/awesome/testing/dto/conversation/ConversationDetailDto.java
/Users/admin/IdeaProjects/test-secure-backend/src/main/java/com/awesome/testing/controller/users/UserSignUpController.java: PMDException: Error while processing /Users/admin/IdeaProjects/test-secure-backend/src/main/java/com/awesome/testing/controller/users/UserSignUpController.java
/Users/admin/IdeaProjects/test-secure-backend/src/main/java/com/awesome/testing/controller/exception/GlobalExceptionHandlerController.java: PMDException: Error while processing /Users/admin/IdeaProjects/test-secure-backend/src/main/java/com/awesome/testing/controller/exception/GlobalExceptionHandlerController.java
/Users/admin/IdeaProjects/test-secure-backend/src/main/java/com/awesome/testing/dto/cart/UpdateCartItemDto.java: PMDException: Error while processing /Users/admin/IdeaProjects/test-secure-backend/src/main/java/com/awesome/testing/dto/cart/UpdateCartItemDto.java
/Users/admin/IdeaProjects/test-secure-backend/src/main/java/com/awesome/testing/controller/users/UserLogoutController.java: PMDException: Error while processing /Users/admin/IdeaProjects/test-secure-backend/src/main/java/com/awesome/testing/controller/users/UserLogoutController.java
/Users/admin/IdeaProjects/test-secure-backend/src/main/java/com/awesome/testing/controller/users/UserMeController.java: PMDException: Error while processing /Users/admin/IdeaProjects/test-secure-backend/src/main/java/com/awesome/testing/controller/users/UserMeController.java
/Users/admin/IdeaProjects/test-secure-backend/src/main/java/com/awesome/testing/controller/users/UserSignInController.java: PMDException: Error while processing /Users/admin/IdeaProjects/test-secure-backend/src/main/java/com/awesome/testing/controller/users/UserSignInController.java
/Users/admin/IdeaProjects/test-secure-backend/src/main/java/com/awesome/testing/dto/conversation/ConversationSummaryDto.java: PMDException: Error while processing /Users/admin/IdeaProjects/test-secure-backend/src/main/java/com/awesome/testing/dto/conversation/ConversationSummaryDto.java
/Users/admin/IdeaProjects/test-secure-backend/src/main/java/com/awesome/testing/controller/OrderController.java: PMDException: Error while processing /Users/admin/IdeaProjects/test-secure-backend/src/main/java/com/awesome/testing/controller/OrderController.java
/Users/admin/IdeaProjects/test-secure-backend/src/main/java/com/awesome/testing/dto/conversation/ConversationType.java: PMDException: Error while processing /Users/admin/IdeaProjects/test-secure-backend/src/main/java/com/awesome/testing/dto/conversation/ConversationType.java
/Users/admin/IdeaProjects/test-secure-backend/src/main/java/com/awesome/testing/dto/conversation/CreateConversationRequestDto.java: PMDException: Error while processing /Users/admin/IdeaProjects/test-secure-backend/src/main/java/com/awesome/testing/dto/conversation/CreateConversationRequestDto.java
/Users/admin/IdeaProjects/test-secure-backend/src/main/java/com/awesome/testing/dto/ollama/ChatResponseDto.java: PMDException: Error while processing /Users/admin/IdeaProjects/test-secure-backend/src/main/java/com/awesome/testing/dto/ollama/ChatResponseDto.java
/Users/admin/IdeaProjects/test-secure-backend/src/main/java/com/awesome/testing/dto/email/EmailDto.java: PMDException: Error while processing /Users/admin/IdeaProjects/test-secure-backend/src/main/java/com/awesome/testing/dto/email/EmailDto.java
/Users/admin/IdeaProjects/test-secure-backend/src/main/java/com/awesome/testing/dto/conversation/UpdateConversationRequestDto.java: PMDException: Error while processing /Users/admin/IdeaProjects/test-secure-backend/src/main/java/com/awesome/testing/dto/conversation/UpdateConversationRequestDto.java
/Users/admin/IdeaProjects/test-secure-backend/src/main/java/com/awesome/testing/dto/ollama/ModelNotFoundDto.java: PMDException: Error while processing /Users/admin/IdeaProjects/test-secure-backend/src/main/java/com/awesome/testing/dto/ollama/ModelNotFoundDto.java
/Users/admin/IdeaProjects/test-secure-backend/src/main/java/com/awesome/testing/controller/users/UserPromptController.java: PMDException: Error while processing /Users/admin/IdeaProjects/test-secure-backend/src/main/java/com/awesome/testing/controller/users/UserPromptController.java
/Users/admin/IdeaProjects/test-secure-backend/src/main/java/com/awesome/testing/dto/email/EmailTemplate.java: PMDException: Error while processing /Users/admin/IdeaProjects/test-secure-backend/src/main/java/com/awesome/testing/dto/email/EmailTemplate.java
/Users/admin/IdeaProjects/test-secure-backend/src/main/java/com/awesome/testing/dto/ollama/OllamaToolFunctionDto.java: PMDException: Error while processing /Users/admin/IdeaProjects/test-secure-backend/src/main/java/com/awesome/testing/dto/ollama/OllamaToolFunctionDto.java
/Users/admin/IdeaProjects/test-secure-backend/src/main/java/com/awesome/testing/dto/ollama/GenerateResponseDto.java: PMDException: Error while processing /Users/admin/IdeaProjects/test-secure-backend/src/main/java/com/awesome/testing/dto/ollama/GenerateResponseDto.java
/Users/admin/IdeaProjects/test-secure-backend/src/main/java/com/awesome/testing/dto/ollama/OllamaToolDefinitionDto.java: PMDException: Error while processing /Users/admin/IdeaProjects/test-secure-backend/src/main/java/com/awesome/testing/dto/ollama/OllamaToolDefinitionDto.java
/Users/admin/IdeaProjects/test-secure-backend/src/main/java/com/awesome/testing/dto/ollama/GenerateRequestDto.java: PMDException: Error while processing /Users/admin/IdeaProjects/test-secure-backend/src/main/java/com/awesome/testing/dto/ollama/GenerateRequestDto.java
/Users/admin/IdeaProjects/test-secure-backend/src/main/java/com/awesome/testing/dto/ollama/OllamaToolParametersRequirementDto.java: PMDException: Error while processing /Users/admin/IdeaProjects/test-secure-backend/src/main/java/com/awesome/testing/dto/ollama/OllamaToolParametersRequirementDto.java
/Users/admin/IdeaProjects/test-secure-backend/src/main/java/com/awesome/testing/dto/ollama/ChatRequestDto.java: PMDException: Error while processing /Users/admin/IdeaProjects/test-secure-backend/src/main/java/com/awesome/testing/dto/ollama/ChatRequestDto.java
/Users/admin/IdeaProjects/test-secure-backend/src/main/java/com/awesome/testing/dto/ollama/OllamaToolParametersDto.java: PMDException: Error while processing /Users/admin/IdeaProjects/test-secure-backend/src/main/java/com/awesome/testing/dto/ollama/OllamaToolParametersDto.java
/Users/admin/IdeaProjects/test-secure-backend/src/main/java/com/awesome/testing/dto/ollama/OllamaToolSchemaPropertyDto.java: PMDException: Error while processing /Users/admin/IdeaProjects/test-secure-backend/src/main/java/com/awesome/testing/dto/ollama/OllamaToolSchemaPropertyDto.java
/Users/admin/IdeaProjects/test-secure-backend/src/main/java/com/awesome/testing/dto/ollama/StreamedRequestDto.java: PMDException: Error while processing /Users/admin/IdeaProjects/test-secure-backend/src/main/java/com/awesome/testing/dto/ollama/StreamedRequestDto.java
/Users/admin/IdeaProjects/test-secure-backend/src/main/java/com/awesome/testing/dto/ollama/ToolCallFunctionDto.java: PMDException: Error while processing /Users/admin/IdeaProjects/test-secure-backend/src/main/java/com/awesome/testing/dto/ollama/ToolCallFunctionDto.java
/Users/admin/IdeaProjects/test-secure-backend/src/main/java/com/awesome/testing/dto/ollama/ToolCallDto.java: PMDException: Error while processing /Users/admin/IdeaProjects/test-secure-backend/src/main/java/com/awesome/testing/dto/ollama/ToolCallDto.java
/Users/admin/IdeaProjects/test-secure-backend/src/main/java/com/awesome/testing/dto/ollama/ChatMessageDto.java: PMDException: Error while processing /Users/admin/IdeaProjects/test-secure-backend/src/main/java/com/awesome/testing/dto/ollama/ChatMessageDto.java
/Users/admin/IdeaProjects/test-secure-backend/src/main/java/com/awesome/testing/dto/password/ForgotPasswordRequestDto.java: PMDException: Error while processing /Users/admin/IdeaProjects/test-secure-backend/src/main/java/com/awesome/testing/dto/password/ForgotPasswordRequestDto.java
/Users/admin/IdeaProjects/test-secure-backend/src/main/java/com/awesome/testing/dto/password/ForgotPasswordResponseDto.java: PMDException: Error while processing /Users/admin/IdeaProjects/test-secure-backend/src/main/java/com/awesome/testing/dto/password/ForgotPasswordResponseDto.java
/Users/admin/IdeaProjects/test-secure-backend/src/main/java/com/awesome/testing/dto/order/OrderStatus.java: PMDException: Error while processing /Users/admin/IdeaProjects/test-secure-backend/src/main/java/com/awesome/testing/dto/order/OrderStatus.java
/Users/admin/IdeaProjects/test-secure-backend/src/main/java/com/awesome/testing/dto/product/ProductListDto.java: PMDException: Error while processing /Users/admin/IdeaProjects/test-secure-backend/src/main/java/com/awesome/testing/dto/product/ProductListDto.java
/Users/admin/IdeaProjects/test-secure-backend/src/main/java/com/awesome/testing/dto/password/ResetPasswordRequestDto.java: PMDException: Error while processing /Users/admin/IdeaProjects/test-secure-backend/src/main/java/com/awesome/testing/dto/password/ResetPasswordRequestDto.java
/Users/admin/IdeaProjects/test-secure-backend/src/main/java/com/awesome/testing/dto/order/OrderItemDto.java: PMDException: Error while processing /Users/admin/IdeaProjects/test-secure-backend/src/main/java/com/awesome/testing/dto/order/OrderItemDto.java
/Users/admin/IdeaProjects/test-secure-backend/src/main/java/com/awesome/testing/dto/product/ProductSummaryDto.java: PMDException: Error while processing /Users/admin/IdeaProjects/test-secure-backend/src/main/java/com/awesome/testing/dto/product/ProductSummaryDto.java
/Users/admin/IdeaProjects/test-secure-backend/src/main/java/com/awesome/testing/dto/systemprompt/ChatSystemPromptDto.java: PMDException: Error while processing /Users/admin/IdeaProjects/test-secure-backend/src/main/java/com/awesome/testing/dto/systemprompt/ChatSystemPromptDto.java
/Users/admin/IdeaProjects/test-secure-backend/src/main/java/com/awesome/testing/dto/order/AddressDto.java: PMDException: Error while processing /Users/admin/IdeaProjects/test-secure-backend/src/main/java/com/awesome/testing/dto/order/AddressDto.java
/Users/admin/IdeaProjects/test-secure-backend/src/main/java/com/awesome/testing/dto/order/OrderDto.java: PMDException: Error while processing /Users/admin/IdeaProjects/test-secure-backend/src/main/java/com/awesome/testing/dto/order/OrderDto.java
/Users/admin/IdeaProjects/test-secure-backend/src/main/java/com/awesome/testing/dto/product/ProductCreateDto.java: PMDException: Error while processing /Users/admin/IdeaProjects/test-secure-backend/src/main/java/com/awesome/testing/dto/product/ProductCreateDto.java
/Users/admin/IdeaProjects/test-secure-backend/src/main/java/com/awesome/testing/dto/product/ProductDto.java: PMDException: Error while processing /Users/admin/IdeaProjects/test-secure-backend/src/main/java/com/awesome/testing/dto/product/ProductDto.java
/Users/admin/IdeaProjects/test-secure-backend/src/main/java/com/awesome/testing/dto/qr/CreateQrDto.java: PMDException: Error while processing /Users/admin/IdeaProjects/test-secure-backend/src/main/java/com/awesome/testing/dto/qr/CreateQrDto.java
/Users/admin/IdeaProjects/test-secure-backend/src/main/java/com/awesome/testing/dto/order/PageDto.java: PMDException: Error while processing /Users/admin/IdeaProjects/test-secure-backend/src/main/java/com/awesome/testing/dto/order/PageDto.java
/Users/admin/IdeaProjects/test-secure-backend/src/main/java/com/awesome/testing/dto/systemprompt/ToolSystemPromptDto.java: PMDException: Error while processing /Users/admin/IdeaProjects/test-secure-backend/src/main/java/com/awesome/testing/dto/systemprompt/ToolSystemPromptDto.java
/Users/admin/IdeaProjects/test-secure-backend/src/main/java/com/awesome/testing/dto/traffic/TrafficEventDto.java: PMDException: Error while processing /Users/admin/IdeaProjects/test-secure-backend/src/main/java/com/awesome/testing/dto/traffic/TrafficEventDto.java
/Users/admin/IdeaProjects/test-secure-backend/src/main/java/com/awesome/testing/dto/product/ProductUpdateDto.java: PMDException: Error while processing /Users/admin/IdeaProjects/test-secure-backend/src/main/java/com/awesome/testing/dto/product/ProductUpdateDto.java
/Users/admin/IdeaProjects/test-secure-backend/src/main/java/com/awesome/testing/dto/user/LogoutRequestDto.java: PMDException: Error while processing /Users/admin/IdeaProjects/test-secure-backend/src/main/java/com/awesome/testing/dto/user/LogoutRequestDto.java
/Users/admin/IdeaProjects/test-secure-backend/src/main/java/com/awesome/testing/dto/traffic/TrafficInfoDto.java: PMDException: Error while processing /Users/admin/IdeaProjects/test-secure-backend/src/main/java/com/awesome/testing/dto/traffic/TrafficInfoDto.java
/Users/admin/IdeaProjects/test-secure-backend/src/main/java/com/awesome/testing/dto/user/LoginDto.java: PMDException: Error while processing /Users/admin/IdeaProjects/test-secure-backend/src/main/java/com/awesome/testing/dto/user/LoginDto.java
/Users/admin/IdeaProjects/test-secure-backend/src/main/java/com/awesome/testing/dto/user/RefreshTokenRequestDto.java: PMDException: Error while processing /Users/admin/IdeaProjects/test-secure-backend/src/main/java/com/awesome/testing/dto/user/RefreshTokenRequestDto.java
/Users/admin/IdeaProjects/test-secure-backend/src/main/java/com/awesome/testing/dto/user/TokenPair.java: PMDException: Error while processing /Users/admin/IdeaProjects/test-secure-backend/src/main/java/com/awesome/testing/dto/user/TokenPair.java
/Users/admin/IdeaProjects/test-secure-backend/src/main/java/com/awesome/testing/dto/user/Role.java: PMDException: Error while processing /Users/admin/IdeaProjects/test-secure-backend/src/main/java/com/awesome/testing/dto/user/Role.java
/Users/admin/IdeaProjects/test-secure-backend/src/main/java/com/awesome/testing/dto/user/UserRegisterDto.java: PMDException: Error while processing /Users/admin/IdeaProjects/test-secure-backend/src/main/java/com/awesome/testing/dto/user/UserRegisterDto.java
/Users/admin/IdeaProjects/test-secure-backend/src/main/java/com/awesome/testing/dto/user/UserEditDto.java: PMDException: Error while processing /Users/admin/IdeaProjects/test-secure-backend/src/main/java/com/awesome/testing/dto/user/UserEditDto.java
/Users/admin/IdeaProjects/test-secure-backend/src/main/java/com/awesome/testing/dto/user/LoginResponseDto.java: PMDException: Error while processing /Users/admin/IdeaProjects/test-secure-backend/src/main/java/com/awesome/testing/dto/user/LoginResponseDto.java
/Users/admin/IdeaProjects/test-secure-backend/src/main/java/com/awesome/testing/dto/user/TokenRefreshResponseDto.java: PMDException: Error while processing /Users/admin/IdeaProjects/test-secure-backend/src/main/java/com/awesome/testing/dto/user/TokenRefreshResponseDto.java
/Users/admin/IdeaProjects/test-secure-backend/src/main/java/com/awesome/testing/entity/AddressEntity.java: PMDException: Error while processing /Users/admin/IdeaProjects/test-secure-backend/src/main/java/com/awesome/testing/entity/AddressEntity.java
/Users/admin/IdeaProjects/test-secure-backend/src/main/java/com/awesome/testing/dto/user/UserResponseDto.java: PMDException: Error while processing /Users/admin/IdeaProjects/test-secure-backend/src/main/java/com/awesome/testing/dto/user/UserResponseDto.java
/Users/admin/IdeaProjects/test-secure-backend/src/main/java/com/awesome/testing/entity/ConversationMessageEntity.java: PMDException: Error while processing /Users/admin/IdeaProjects/test-secure-backend/src/main/java/com/awesome/testing/entity/ConversationMessageEntity.java
/Users/admin/IdeaProjects/test-secure-backend/src/main/java/com/awesome/testing/entity/OrderItemEntity.java: PMDException: Error while processing /Users/admin/IdeaProjects/test-secure-backend/src/main/java/com/awesome/testing/entity/OrderItemEntity.java
/Users/admin/IdeaProjects/test-secure-backend/src/main/java/com/awesome/testing/entity/CartItemEntity.java: PMDException: Error while processing /Users/admin/IdeaProjects/test-secure-backend/src/main/java/com/awesome/testing/entity/CartItemEntity.java
/Users/admin/IdeaProjects/test-secure-backend/src/main/java/com/awesome/testing/entity/OrderEntity.java: PMDException: Error while processing /Users/admin/IdeaProjects/test-secure-backend/src/main/java/com/awesome/testing/entity/OrderEntity.java
/Users/admin/IdeaProjects/test-secure-backend/src/main/java/com/awesome/testing/entity/ConversationEntity.java: PMDException: Error while processing /Users/admin/IdeaProjects/test-secure-backend/src/main/java/com/awesome/testing/entity/ConversationEntity.java
/Users/admin/IdeaProjects/test-secure-backend/src/main/java/com/awesome/testing/fakedata/SetupData.java: PMDException: Error while processing /Users/admin/IdeaProjects/test-secure-backend/src/main/java/com/awesome/testing/fakedata/SetupData.java
/Users/admin/IdeaProjects/test-secure-backend/src/main/java/com/awesome/testing/entity/ProductEntity.java: PMDException: Error while processing /Users/admin/IdeaProjects/test-secure-backend/src/main/java/com/awesome/testing/entity/ProductEntity.java
/Users/admin/IdeaProjects/test-secure-backend/src/main/java/com/awesome/testing/entity/RefreshTokenEntity.java: PMDException: Error while processing /Users/admin/IdeaProjects/test-secure-backend/src/main/java/com/awesome/testing/entity/RefreshTokenEntity.java
/Users/admin/IdeaProjects/test-secure-backend/src/main/java/com/awesome/testing/entity/PasswordResetTokenEntity.java: PMDException: Error while processing /Users/admin/IdeaProjects/test-secure-backend/src/main/java/com/awesome/testing/entity/PasswordResetTokenEntity.java
/Users/admin/IdeaProjects/test-secure-backend/src/main/java/com/awesome/testing/jms/EmailConfig.java: PMDException: Error while processing /Users/admin/IdeaProjects/test-secure-backend/src/main/java/com/awesome/testing/jms/EmailConfig.java
/Users/admin/IdeaProjects/test-secure-backend/src/main/java/com/awesome/testing/entity/UserEntity.java: PMDException: Error while processing /Users/admin/IdeaProjects/test-secure-backend/src/main/java/com/awesome/testing/entity/UserEntity.java
/Users/admin/IdeaProjects/test-secure-backend/src/main/java/com/awesome/testing/qr/QrGenerator.java: PMDException: Error while processing /Users/admin/IdeaProjects/test-secure-backend/src/main/java/com/awesome/testing/qr/QrGenerator.java
/Users/admin/IdeaProjects/test-secure-backend/src/main/java/com/awesome/testing/repository/CartItemRepository.java: PMDException: Error while processing /Users/admin/IdeaProjects/test-secure-backend/src/main/java/com/awesome/testing/repository/CartItemRepository.java
/Users/admin/IdeaProjects/test-secure-backend/src/main/java/com/awesome/testing/repository/ConversationMessageRepository.java: PMDException: Error while processing /Users/admin/IdeaProjects/test-secure-backend/src/main/java/com/awesome/testing/repository/ConversationMessageRepository.java
/Users/admin/IdeaProjects/test-secure-backend/src/main/java/com/awesome/testing/repository/UserRepository.java: PMDException: Error while processing /Users/admin/IdeaProjects/test-secure-backend/src/main/java/com/awesome/testing/repository/UserRepository.java
/Users/admin/IdeaProjects/test-secure-backend/src/main/java/com/awesome/testing/repository/PasswordResetTokenRepository.java: PMDException: Error while processing /Users/admin/IdeaProjects/test-secure-backend/src/main/java/com/awesome/testing/repository/PasswordResetTokenRepository.java
/Users/admin/IdeaProjects/test-secure-backend/src/main/java/com/awesome/testing/repository/ProductRepository.java: PMDException: Error while processing /Users/admin/IdeaProjects/test-secure-backend/src/main/java/com/awesome/testing/repository/ProductRepository.java
/Users/admin/IdeaProjects/test-secure-backend/src/main/java/com/awesome/testing/security/CustomPrincipal.java: PMDException: Error while processing /Users/admin/IdeaProjects/test-secure-backend/src/main/java/com/awesome/testing/security/CustomPrincipal.java
/Users/admin/IdeaProjects/test-secure-backend/src/main/java/com/awesome/testing/repository/RefreshTokenRepository.java: PMDException: Error while processing /Users/admin/IdeaProjects/test-secure-backend/src/main/java/com/awesome/testing/repository/RefreshTokenRepository.java
/Users/admin/IdeaProjects/test-secure-backend/src/main/java/com/awesome/testing/repository/OrderRepository.java: PMDException: Error while processing /Users/admin/IdeaProjects/test-secure-backend/src/main/java/com/awesome/testing/repository/OrderRepository.java
/Users/admin/IdeaProjects/test-secure-backend/src/main/java/com/awesome/testing/repository/ConversationRepository.java: PMDException: Error while processing /Users/admin/IdeaProjects/test-secure-backend/src/main/java/com/awesome/testing/repository/ConversationRepository.java
/Users/admin/IdeaProjects/test-secure-backend/src/main/java/com/awesome/testing/security/AuthenticationHandler.java: PMDException: Error while processing /Users/admin/IdeaProjects/test-secure-backend/src/main/java/com/awesome/testing/security/AuthenticationHandler.java
/Users/admin/IdeaProjects/test-secure-backend/src/main/java/com/awesome/testing/service/EmailService.java: PMDException: Error while processing /Users/admin/IdeaProjects/test-secure-backend/src/main/java/com/awesome/testing/service/EmailService.java
/Users/admin/IdeaProjects/test-secure-backend/src/main/java/com/awesome/testing/service/QrService.java: PMDException: Error while processing /Users/admin/IdeaProjects/test-secure-backend/src/main/java/com/awesome/testing/service/QrService.java
/Users/admin/IdeaProjects/test-secure-backend/src/main/java/com/awesome/testing/security/JwtTokenFilter.java: PMDException: Error while processing /Users/admin/IdeaProjects/test-secure-backend/src/main/java/com/awesome/testing/security/JwtTokenFilter.java
/Users/admin/IdeaProjects/test-secure-backend/src/main/java/com/awesome/testing/security/JwtTokenProvider.java: PMDException: Error while processing /Users/admin/IdeaProjects/test-secure-backend/src/main/java/com/awesome/testing/security/JwtTokenProvider.java
/Users/admin/IdeaProjects/test-secure-backend/src/main/java/com/awesome/testing/security/MyUserDetails.java: PMDException: Error while processing /Users/admin/IdeaProjects/test-secure-backend/src/main/java/com/awesome/testing/security/MyUserDetails.java
/Users/admin/IdeaProjects/test-secure-backend/src/main/java/com/awesome/testing/service/delay/DelayGenerator.java: PMDException: Error while processing /Users/admin/IdeaProjects/test-secure-backend/src/main/java/com/awesome/testing/service/delay/DelayGenerator.java
/Users/admin/IdeaProjects/test-secure-backend/src/main/java/com/awesome/testing/security/WebSecurityConfig.java: PMDException: Error while processing /Users/admin/IdeaProjects/test-secure-backend/src/main/java/com/awesome/testing/security/WebSecurityConfig.java
/Users/admin/IdeaProjects/test-secure-backend/src/main/java/com/awesome/testing/service/delay/RandomDelayGenerator.java: PMDException: Error while processing /Users/admin/IdeaProjects/test-secure-backend/src/main/java/com/awesome/testing/service/delay/RandomDelayGenerator.java
/Users/admin/IdeaProjects/test-secure-backend/src/main/java/com/awesome/testing/fakedata/SetupUsers.java: PMDException: Error while processing /Users/admin/IdeaProjects/test-secure-backend/src/main/java/com/awesome/testing/fakedata/SetupUsers.java
/Users/admin/IdeaProjects/test-secure-backend/src/main/java/com/awesome/testing/service/OrderService.java: PMDException: Error while processing /Users/admin/IdeaProjects/test-secure-backend/src/main/java/com/awesome/testing/service/OrderService.java
/Users/admin/IdeaProjects/test-secure-backend/src/main/java/com/awesome/testing/service/ollama/BooleanSupplier.java: PMDException: Error while processing /Users/admin/IdeaProjects/test-secure-backend/src/main/java/com/awesome/testing/service/ollama/BooleanSupplier.java
/Users/admin/IdeaProjects/test-secure-backend/src/main/java/com/awesome/testing/fakedata/SetupOrders.java: PMDException: Error while processing /Users/admin/IdeaProjects/test-secure-backend/src/main/java/com/awesome/testing/fakedata/SetupOrders.java
/Users/admin/IdeaProjects/test-secure-backend/src/main/java/com/awesome/testing/service/CartService.java: PMDException: Error while processing /Users/admin/IdeaProjects/test-secure-backend/src/main/java/com/awesome/testing/service/CartService.java
/Users/admin/IdeaProjects/test-secure-backend/src/main/java/com/awesome/testing/service/ProductService.java: PMDException: Error while processing /Users/admin/IdeaProjects/test-secure-backend/src/main/java/com/awesome/testing/service/ProductService.java
/Users/admin/IdeaProjects/test-secure-backend/src/main/java/com/awesome/testing/service/ollama/function/FunctionCallHandler.java: PMDException: Error while processing /Users/admin/IdeaProjects/test-secure-backend/src/main/java/com/awesome/testing/service/ollama/function/FunctionCallHandler.java
/Users/admin/IdeaProjects/test-secure-backend/src/main/java/com/awesome/testing/service/ollama/OllamaRequestHandler.java: PMDException: Error while processing /Users/admin/IdeaProjects/test-secure-backend/src/main/java/com/awesome/testing/service/ollama/OllamaRequestHandler.java
/Users/admin/IdeaProjects/test-secure-backend/src/main/java/com/awesome/testing/service/ollama/function/OllamaToolRegistry.java: PMDException: Error while processing /Users/admin/IdeaProjects/test-secure-backend/src/main/java/com/awesome/testing/service/ollama/function/OllamaToolRegistry.java
/Users/admin/IdeaProjects/test-secure-backend/src/main/java/com/awesome/testing/service/ollama/OllamaService.java: PMDException: Error while processing /Users/admin/IdeaProjects/test-secure-backend/src/main/java/com/awesome/testing/service/ollama/OllamaService.java
/Users/admin/IdeaProjects/test-secure-backend/src/main/java/com/awesome/testing/service/password/LocalEmailOutbox.java: PMDException: Error while processing /Users/admin/IdeaProjects/test-secure-backend/src/main/java/com/awesome/testing/service/password/LocalEmailOutbox.java
/Users/admin/IdeaProjects/test-secure-backend/src/main/java/com/awesome/testing/service/password/PasswordResetEmailFactory.java: PMDException: Error while processing /Users/admin/IdeaProjects/test-secure-backend/src/main/java/com/awesome/testing/service/password/PasswordResetEmailFactory.java
/Users/admin/IdeaProjects/test-secure-backend/src/main/java/com/awesome/testing/service/ollama/OllamaToolDefinitionCatalog.java: PMDException: Error while processing /Users/admin/IdeaProjects/test-secure-backend/src/main/java/com/awesome/testing/service/ollama/OllamaToolDefinitionCatalog.java
/Users/admin/IdeaProjects/test-secure-backend/src/main/java/com/awesome/testing/fakedata/SetupProducts.java: PMDException: Error while processing /Users/admin/IdeaProjects/test-secure-backend/src/main/java/com/awesome/testing/fakedata/SetupProducts.java
/Users/admin/IdeaProjects/test-secure-backend/src/main/java/com/awesome/testing/service/ConversationHistoryService.java: PMDException: Error while processing /Users/admin/IdeaProjects/test-secure-backend/src/main/java/com/awesome/testing/service/ConversationHistoryService.java
/Users/admin/IdeaProjects/test-secure-backend/src/main/java/com/awesome/testing/traffic/TrafficConfig.java: PMDException: Error while processing /Users/admin/IdeaProjects/test-secure-backend/src/main/java/com/awesome/testing/traffic/TrafficConfig.java
/Users/admin/IdeaProjects/test-secure-backend/src/main/java/com/awesome/testing/service/token/PasswordResetTokenGenerator.java: PMDException: Error while processing /Users/admin/IdeaProjects/test-secure-backend/src/main/java/com/awesome/testing/service/token/PasswordResetTokenGenerator.java
/Users/admin/IdeaProjects/test-secure-backend/src/main/java/com/awesome/testing/utils/EntityUpdater.java: PMDException: Error while processing /Users/admin/IdeaProjects/test-secure-backend/src/main/java/com/awesome/testing/utils/EntityUpdater.java
/Users/admin/IdeaProjects/test-secure-backend/src/main/java/com/awesome/testing/service/UserService.java: PMDException: Error while processing /Users/admin/IdeaProjects/test-secure-backend/src/main/java/com/awesome/testing/service/UserService.java
/Users/admin/IdeaProjects/test-secure-backend/src/main/java/com/awesome/testing/traffic/TrafficPublisher.java: PMDException: Error while processing /Users/admin/IdeaProjects/test-secure-backend/src/main/java/com/awesome/testing/traffic/TrafficPublisher.java
/Users/admin/IdeaProjects/test-secure-backend/src/main/java/com/awesome/testing/utils/ErrorResponseDefinition.java: PMDException: Error while processing /Users/admin/IdeaProjects/test-secure-backend/src/main/java/com/awesome/testing/utils/ErrorResponseDefinition.java
/Users/admin/IdeaProjects/test-secure-backend/src/main/java/com/awesome/testing/service/ollama/function/ProductCatalogFunctionHandler.java: PMDException: Error while processing /Users/admin/IdeaProjects/test-secure-backend/src/main/java/com/awesome/testing/service/ollama/function/ProductCatalogFunctionHandler.java
/Users/admin/IdeaProjects/test-secure-backend/src/main/java/com/awesome/testing/traffic/WebSocketConfig.java: PMDException: Error while processing /Users/admin/IdeaProjects/test-secure-backend/src/main/java/com/awesome/testing/traffic/WebSocketConfig.java
/Users/admin/IdeaProjects/test-secure-backend/src/main/java/com/awesome/testing/traffic/TrafficLoggingFilter.java: PMDException: Error while processing /Users/admin/IdeaProjects/test-secure-backend/src/main/java/com/awesome/testing/traffic/TrafficLoggingFilter.java
/Users/admin/IdeaProjects/test-secure-backend/src/main/java/com/awesome/testing/service/ollama/function/ProductSnapshotFunctionHandler.java: PMDException: Error while processing /Users/admin/IdeaProjects/test-secure-backend/src/main/java/com/awesome/testing/service/ollama/function/ProductSnapshotFunctionHandler.java
/Users/admin/IdeaProjects/test-secure-backend/src/main/java/com/awesome/testing/service/prompt/PromptInjector.java: PMDException: Error while processing /Users/admin/IdeaProjects/test-secure-backend/src/main/java/com/awesome/testing/service/prompt/PromptInjector.java
/Users/admin/IdeaProjects/test-secure-backend/src/main/java/com/awesome/testing/service/token/RefreshTokenService.java: PMDException: Error while processing /Users/admin/IdeaProjects/test-secure-backend/src/main/java/com/awesome/testing/service/token/RefreshTokenService.java
/Users/admin/IdeaProjects/test-secure-backend/src/main/java/com/awesome/testing/service/password/PasswordResetService.java: PMDException: Error while processing /Users/admin/IdeaProjects/test-secure-backend/src/main/java/com/awesome/testing/service/password/PasswordResetService.java
/Users/admin/IdeaProjects/test-secure-backend/src/main/java/com/awesome/testing/service/ollama/OllamaFunctionCallingService.java: PMDException: Error while processing /Users/admin/IdeaProjects/test-secure-backend/src/main/java/com/awesome/testing/service/ollama/OllamaFunctionCallingService.java
[INFO] Rendering content with org.apache.maven.skins:maven-default-skin:jar:1.3 skin.
[INFO] 
[INFO] <<< maven-pmd-plugin:3.21.0:check (default-cli) < :pmd @ jwt-auth-service <<<
[INFO] 
[INFO] 
[INFO] --- maven-pmd-plugin:3.21.0:check (default-cli) @ jwt-auth-service ---
[INFO] PMD version: 6.55.0
[INFO] 
[INFO] ------------------------------------------------------------------------
[INFO] BUILD SUCCESS
[INFO] ------------------------------------------------------------------------
[INFO] Total time:  01:55 min
[INFO] Finished at: 2025-12-10T21:33:28+01:00
[INFO] ------------------------------------------------------------------------
